#
# A fatal error has been detected by the Java Runtime Environment:
#
#  SIGSEGV (0xb) at pc=0x00007f31d27c2f6a, pid=25783, tid=25785
#
# JRE version: Java(TM) SE Runtime Environment (17.0.1+12) (build 17.0.1+12-LTS-39)
# Java VM: Java HotSpot(TM) 64-Bit Server VM (17.0.1+12-LTS-39, mixed mode, sharing, tiered, compressed oops, compressed class ptrs, g1 gc, linux-amd64)
# Problematic frame:
# C  [nouveau_dri.so+0x34df6a]
#
# Core dump will be written. Default location: Core dumps may be processed with "/usr/share/apport/apport -p%p -s%s -c%c -d%d -P%P -u%u -g%g -- %E" (or dumping to /home/cryptigo/IdeaProjects/lwjgl/lemon-engine/core.25783)
#
# If you would like to submit a bug report, please visit:
#   https://bugreport.java.com/bugreport/crash.jsp
# The crash happened outside the Java Virtual Machine in native code.
# See problematic frame for where to report the bug.
#

---------------  S U M M A R Y ------------

Command Line: -Dfile.encoding=UTF-8 -Duser.country=CA -Duser.language=en -Duser.variant Main

Host: Intel(R) Core(TM) i5-9400 CPU @ 2.90GHz, 6 cores, 7G, Ubuntu 20.04.5 LTS
Time: Mon Nov 28 18:18:03 2022 MST elapsed time: 0.356203 seconds (0d 0h 0m 0s)

---------------  T H R E A D  ---------------

Current thread (0x00007f3234024860):  JavaThread "main" [_thread_in_native, id=25785, stack(0x00007f3239039000,0x00007f323913a000)]

Stack: [0x00007f3239039000,0x00007f323913a000],  sp=0x00007f3239137db0,  free space=1019k
Native frames: (J=compiled Java code, j=interpreted, Vv=VM code, C=native code)
C  [nouveau_dri.so+0x34df6a]

Java frames: (J=compiled Java code, j=interpreted, Vv=VM code)
j  org.lwjgl.opengl.GL11C.nglTexImage2D(IIIIIIIIJ)V+0
j  org.lwjgl.opengl.GL11C.glTexImage2D(IIIIIIIILjava/nio/ByteBuffer;)V+17
j  org.lwjgl.opengl.GL11.glTexImage2D(IIIIIIIILjava/nio/ByteBuffer;)V+14
j  renderer.Texture.<init>(Ljava/lang/String;)V+142
j  lemon.LevelEditorScene.init()V+49
j  lemon.Window.changeScene(I)V+41
j  lemon.Window.init()V+162
j  lemon.Window.run()V+23
j  Main.main([Ljava/lang/String;)V+5
v  ~StubRoutines::call_stub

siginfo: si_signo: 11 (SIGSEGV), si_code: 1 (SEGV_MAPERR), si_addr: 0x00007f31d0ff1000

Register to memory mapping:

RAX=0x0 is NULL
RBX=0x00007f31d0ff1000 is an unknown value
RCX=0x00007f3239137de1 is pointing into the stack for thread: 0x00007f3234024860
RDX=0x0 is NULL
RSP=0x00007f3239137db0 is pointing into the stack for thread: 0x00007f3234024860
RBP=0x0 is NULL
RSI=0x0 is NULL
RDI=0x0000000000000001 is an unknown value
R8 =0x0000000000000002 is an unknown value
R9 =0x00007f3239137ee4 is pointing into the stack for thread: 0x00007f3234024860
R10=0x00007f31d09f0550 points into unknown readable memory: 0x0000000000000000 | 00 00 00 00 00 00 00 00
R11=0x0000000000000006 is an unknown value
R12=0x00007f31d09f1000 points into unknown readable memory: 0x0000000000000000 | 00 00 00 00 00 00 00 00
R13=0x0000000000000002 is an unknown value
R14=0x8000000080000001 is an unknown value
R15=0x0000000000000400 is an unknown value


Registers:
RAX=0x0000000000000000, RBX=0x00007f31d0ff1000, RCX=0x00007f3239137de1, RDX=0x0000000000000000
RSP=0x00007f3239137db0, RBP=0x0000000000000000, RSI=0x0000000000000000, RDI=0x0000000000000001
R8 =0x0000000000000002, R9 =0x00007f3239137ee4, R10=0x00007f31d09f0550, R11=0x0000000000000006
R12=0x00007f31d09f1000, R13=0x0000000000000002, R14=0x8000000080000001, R15=0x0000000000000400
RIP=0x00007f31d27c2f6a, EFLAGS=0x0000000000010246, CSGSFS=0x002b000000000033, ERR=0x0000000000000004
  TRAPNO=0x000000000000000e

Top of Stack: (sp=0x00007f3239137db0)
0x00007f3239137db0:   0000000000000000 0000000000000080
0x00007f3239137dc0:   0000000000000007 00007f32340008dc
0x00007f3239137dd0:   0000000000000078 00007f3200000008
0x00007f3239137de0:   00ff003200000000 267b417fe0023c00 

Instructions: (pc=0x00007f31d27c2f6a)
0x00007f31d27c2e6a:   48 83 f8 03 75 c2 0f b6 44 3c 31 49 83 c2 04 48
0x00007f31d27c2e7a:   83 c3 0c 41 88 42 fc 42 0f b6 44 1c 31 41 88 42
0x00007f31d27c2e8a:   fd 0f b6 44 2c 31 41 88 42 fe 42 0f b6 44 0c 31
0x00007f31d27c2e9a:   41 88 42 ff 4d 39 c2 75 8d e9 15 83 ff ff 8b 84
0x00007f31d27c2eaa:   24 88 00 00 00 85 c0 0f 8e 06 83 ff ff 8b 84 24
0x00007f31d27c2eba:   88 00 00 00 31 d2 83 e8 01 48 8d 4c 40 03 48 01
0x00007f31d27c2eca:   d9 0f 1f 44 00 00 0f b6 03 84 c0 0f 48 c2 88 44
0x00007f31d27c2eda:   24 31 0f b6 43 01 84 c0 0f 48 c2 88 44 24 32 0f
0x00007f31d27c2eea:   b6 43 02 84 c0 0f 48 c2 48 83 c3 03 49 83 c2 04
0x00007f31d27c2efa:   88 44 24 33 0f b6 44 3c 31 41 88 42 fc 42 0f b6
0x00007f31d27c2f0a:   44 1c 31 41 88 42 fd 0f b6 44 2c 31 41 88 42 fe
0x00007f31d27c2f1a:   42 0f b6 44 0c 31 41 88 42 ff 48 39 d9 75 a7 e9
0x00007f31d27c2f2a:   8f 82 ff ff 44 8b bc 24 88 00 00 00 45 85 ff 0f
0x00007f31d27c2f3a:   8e 7e 82 ff ff 8b 84 24 88 00 00 00 41 0f b6 f6
0x00007f31d27c2f4a:   48 8d 4c 24 31 45 0f b6 c5 49 be 01 00 00 80 00
0x00007f31d27c2f5a:   00 00 80 83 e8 01 4d 8d 64 82 04 0f 1f 00 31 ed
0x00007f31d27c2f6a:   8b 04 ab 48 89 c2 48 c1 e2 08 48 29 c2 48 81 c2
0x00007f31d27c2f7a:   ff ff ff 7f 48 89 d0 49 f7 e6 48 c1 ea 1f 88 14
0x00007f31d27c2f8a:   29 48 83 c5 01 48 83 fd 03 75 d5 0f b6 44 34 31
0x00007f31d27c2f9a:   49 83 c2 04 48 83 c3 0c 41 88 42 fc 0f b6 44 3c
0x00007f31d27c2faa:   31 41 88 42 fd 42 0f b6 44 04 31 41 88 42 fe 42
0x00007f31d27c2fba:   0f b6 44 1c 31 41 88 42 ff 4d 39 d4 75 a0 e9 f0
0x00007f31d27c2fca:   81 ff ff 44 8b ac 24 88 00 00 00 45 85 ed 0f 8e
0x00007f31d27c2fda:   df 81 ff ff 8b 84 24 88 00 00 00 48 8d 4c 24 31
0x00007f31d27c2fea:   49 b8 01 80 00 80 00 80 00 80 83 e8 01 4d 8d 4c
0x00007f31d27c2ffa:   02 01 0f 1f 40 00 31 f6 0f b7 04 73 48 89 c2 48
0x00007f31d27c300a:   c1 e2 08 48 29 c2 48 81 c2 ff 7f 00 00 48 89 d0
0x00007f31d27c301a:   49 f7 e0 48 c1 ea 0f 88 14 31 48 83 c6 01 48 83
0x00007f31d27c302a:   fe 03 75 d4 0f b6 44 3c 31 49 83 c2 01 48 83 c3
0x00007f31d27c303a:   06 41 88 42 ff 4d 39 d1 75 bc e9 74 81 ff ff 44
0x00007f31d27c304a:   8b 9c 24 88 00 00 00 45 85 db 0f 8e 63 81 ff ff
0x00007f31d27c305a:   8b 84 24 88 00 00 00 31 c9 41 0f b6 f6 48 bf 01 


Stack slot to memory mapping:
stack at sp + 0 slots: 0x0 is NULL
stack at sp + 1 slots: 0x0000000000000080 is an unknown value
stack at sp + 2 slots: 0x0000000000000007 is an unknown value
stack at sp + 3 slots: 0x00007f32340008dc points into unknown readable memory: 01 00 00 00
stack at sp + 4 slots: 0x0000000000000078 is an unknown value
stack at sp + 5 slots: 0x00007f3200000008 points into unknown readable memory: 0x0000000000000000 | 00 00 00 00 00 00 00 00
stack at sp + 6 slots: 0x00ff003200000000 is an unknown value
stack at sp + 7 slots: 0x267b417fe0023c00 is an unknown value


---------------  P R O C E S S  ---------------

Threads class SMR info:
_java_thread_list=0x00007f323413d680, length=11, elements={
0x00007f3234024860, 0x00007f32341143d0, 0x00007f32341157b0, 0x00007f323411a8e0,
0x00007f323411bc90, 0x00007f323411d0a0, 0x00007f323411ea50, 0x00007f323411ff80,
0x00007f32341213f0, 0x00007f3234138d10, 0x00007f323413c6f0
}

Java Threads: ( => current thread )
=>0x00007f3234024860 JavaThread "main" [_thread_in_native, id=25785, stack(0x00007f3239039000,0x00007f323913a000)]
  0x00007f32341143d0 JavaThread "Reference Handler" daemon [_thread_blocked, id=25792, stack(0x00007f32186af000,0x00007f32187b0000)]
  0x00007f32341157b0 JavaThread "Finalizer" daemon [_thread_blocked, id=25793, stack(0x00007f32185ae000,0x00007f32186af000)]
  0x00007f323411a8e0 JavaThread "Signal Dispatcher" daemon [_thread_blocked, id=25794, stack(0x00007f3209eff000,0x00007f320a000000)]
  0x00007f323411bc90 JavaThread "Service Thread" daemon [_thread_blocked, id=25795, stack(0x00007f3209dfe000,0x00007f3209eff000)]
  0x00007f323411d0a0 JavaThread "Monitor Deflation Thread" daemon [_thread_blocked, id=25796, stack(0x00007f3209cfd000,0x00007f3209dfe000)]
  0x00007f323411ea50 JavaThread "C2 CompilerThread0" daemon [_thread_blocked, id=25797, stack(0x00007f32092ff000,0x00007f3209400000)]
  0x00007f323411ff80 JavaThread "C1 CompilerThread0" daemon [_thread_blocked, id=25798, stack(0x00007f32091fe000,0x00007f32092ff000)]
  0x00007f32341213f0 JavaThread "Sweeper thread" daemon [_thread_blocked, id=25799, stack(0x00007f32090fd000,0x00007f32091fe000)]
  0x00007f3234138d10 JavaThread "Notification Thread" daemon [_thread_blocked, id=25800, stack(0x00007f3208ffc000,0x00007f32090fd000)]
  0x00007f323413c6f0 JavaThread "Common-Cleaner" daemon [_thread_blocked, id=25802, stack(0x00007f3208df9000,0x00007f3208efa000)]

Other Threads:
  0x00007f32341104b0 VMThread "VM Thread" [stack: 0x00007f32187b2000,0x00007f32188b2000] [id=25791]
  0x00007f323413a790 WatcherThread [stack: 0x00007f3208efc000,0x00007f3208ffc000] [id=25801]
  0x00007f32340632e0 GCTaskThread "GC Thread#0" [stack: 0x00007f321946e000,0x00007f321956e000] [id=25786]
  0x00007f3234073f50 ConcurrentGCThread "G1 Main Marker" [stack: 0x00007f321936c000,0x00007f321946c000] [id=25787]
  0x00007f3234074eb0 ConcurrentGCThread "G1 Conc#0" [stack: 0x00007f321926a000,0x00007f321936a000] [id=25788]
  0x00007f32340e1ef0 ConcurrentGCThread "G1 Refine#0" [stack: 0x00007f3218b62000,0x00007f3218c62000] [id=25789]
  0x00007f32340e2de0 ConcurrentGCThread "G1 Service" [stack: 0x00007f3218a60000,0x00007f3218b60000] [id=25790]

Threads with active compile tasks:

VM state: not at safepoint (normal execution)

VM Mutex/Monitor currently owned by a thread: None

Heap address: 0x0000000084c00000, size: 1972 MB, Compressed Oops mode: 32-bit

CDS archive(s) mapped at: [0x0000000800000000-0x0000000800bdf000-0x0000000800bdf000), size 12447744, SharedBaseAddress: 0x0000000800000000, ArchiveRelocationMode: 0.
Compressed class space mapped at: 0x0000000800c00000-0x0000000840c00000, reserved size: 1073741824
Narrow klass base: 0x0000000800000000, Narrow klass shift: 0, Narrow klass range: 0x100000000

GC Precious Log:
 CPUs: 6 total, 6 available
 Memory: 7884M
 Large Page Support: Disabled
 NUMA Support: Disabled
 Compressed Oops: Enabled (32-bit)
 Heap Region Size: 1M
 Heap Min Capacity: 8M
 Heap Initial Capacity: 124M
 Heap Max Capacity: 1972M
 Pre-touch: Disabled
 Parallel Workers: 6
 Concurrent Workers: 2
 Concurrent Refinement Workers: 6
 Periodic GC: Disabled

Heap:
 garbage-first heap   total 129024K, used 8164K [0x0000000084c00000, 0x0000000100000000)
  region size 1024K, 9 young (9216K), 0 survivors (0K)
 Metaspace       used 3785K, committed 4032K, reserved 1056768K
  class space    used 205K, committed 320K, reserved 1048576K

Heap Regions: E=young(eden), S=young(survivor), O=old, HS=humongous(starts), HC=humongous(continues), CS=collection set, F=free, OA=open archive, CA=closed archive, TAMS=top-at-mark-start (previous, next)
|   0|0x0000000084c00000, 0x0000000084c00000, 0x0000000084d00000|  0%| F|  |TAMS 0x0000000084c00000, 0x0000000084c00000| Untracked 
|   1|0x0000000084d00000, 0x0000000084d00000, 0x0000000084e00000|  0%| F|  |TAMS 0x0000000084d00000, 0x0000000084d00000| Untracked 
|   2|0x0000000084e00000, 0x0000000084e00000, 0x0000000084f00000|  0%| F|  |TAMS 0x0000000084e00000, 0x0000000084e00000| Untracked 
|   3|0x0000000084f00000, 0x0000000084f00000, 0x0000000085000000|  0%| F|  |TAMS 0x0000000084f00000, 0x0000000084f00000| Untracked 
|   4|0x0000000085000000, 0x0000000085000000, 0x0000000085100000|  0%| F|  |TAMS 0x0000000085000000, 0x0000000085000000| Untracked 
|   5|0x0000000085100000, 0x0000000085100000, 0x0000000085200000|  0%| F|  |TAMS 0x0000000085100000, 0x0000000085100000| Untracked 
|   6|0x0000000085200000, 0x0000000085200000, 0x0000000085300000|  0%| F|  |TAMS 0x0000000085200000, 0x0000000085200000| Untracked 
|   7|0x0000000085300000, 0x0000000085300000, 0x0000000085400000|  0%| F|  |TAMS 0x0000000085300000, 0x0000000085300000| Untracked 
|   8|0x0000000085400000, 0x0000000085400000, 0x0000000085500000|  0%| F|  |TAMS 0x0000000085400000, 0x0000000085400000| Untracked 
|   9|0x0000000085500000, 0x0000000085500000, 0x0000000085600000|  0%| F|  |TAMS 0x0000000085500000, 0x0000000085500000| Untracked 
|  10|0x0000000085600000, 0x0000000085600000, 0x0000000085700000|  0%| F|  |TAMS 0x0000000085600000, 0x0000000085600000| Untracked 
|  11|0x0000000085700000, 0x0000000085700000, 0x0000000085800000|  0%| F|  |TAMS 0x0000000085700000, 0x0000000085700000| Untracked 
|  12|0x0000000085800000, 0x0000000085800000, 0x0000000085900000|  0%| F|  |TAMS 0x0000000085800000, 0x0000000085800000| Untracked 
|  13|0x0000000085900000, 0x0000000085900000, 0x0000000085a00000|  0%| F|  |TAMS 0x0000000085900000, 0x0000000085900000| Untracked 
|  14|0x0000000085a00000, 0x0000000085a00000, 0x0000000085b00000|  0%| F|  |TAMS 0x0000000085a00000, 0x0000000085a00000| Untracked 
|  15|0x0000000085b00000, 0x0000000085b00000, 0x0000000085c00000|  0%| F|  |TAMS 0x0000000085b00000, 0x0000000085b00000| Untracked 
|  16|0x0000000085c00000, 0x0000000085c00000, 0x0000000085d00000|  0%| F|  |TAMS 0x0000000085c00000, 0x0000000085c00000| Untracked 
|  17|0x0000000085d00000, 0x0000000085d00000, 0x0000000085e00000|  0%| F|  |TAMS 0x0000000085d00000, 0x0000000085d00000| Untracked 
|  18|0x0000000085e00000, 0x0000000085e00000, 0x0000000085f00000|  0%| F|  |TAMS 0x0000000085e00000, 0x0000000085e00000| Untracked 
|  19|0x0000000085f00000, 0x0000000085f00000, 0x0000000086000000|  0%| F|  |TAMS 0x0000000085f00000, 0x0000000085f00000| Untracked 
|  20|0x0000000086000000, 0x0000000086000000, 0x0000000086100000|  0%| F|  |TAMS 0x0000000086000000, 0x0000000086000000| Untracked 
|  21|0x0000000086100000, 0x0000000086100000, 0x0000000086200000|  0%| F|  |TAMS 0x0000000086100000, 0x0000000086100000| Untracked 
|  22|0x0000000086200000, 0x0000000086200000, 0x0000000086300000|  0%| F|  |TAMS 0x0000000086200000, 0x0000000086200000| Untracked 
|  23|0x0000000086300000, 0x0000000086300000, 0x0000000086400000|  0%| F|  |TAMS 0x0000000086300000, 0x0000000086300000| Untracked 
|  24|0x0000000086400000, 0x0000000086400000, 0x0000000086500000|  0%| F|  |TAMS 0x0000000086400000, 0x0000000086400000| Untracked 
|  25|0x0000000086500000, 0x0000000086500000, 0x0000000086600000|  0%| F|  |TAMS 0x0000000086500000, 0x0000000086500000| Untracked 
|  26|0x0000000086600000, 0x0000000086600000, 0x0000000086700000|  0%| F|  |TAMS 0x0000000086600000, 0x0000000086600000| Untracked 
|  27|0x0000000086700000, 0x0000000086700000, 0x0000000086800000|  0%| F|  |TAMS 0x0000000086700000, 0x0000000086700000| Untracked 
|  28|0x0000000086800000, 0x0000000086800000, 0x0000000086900000|  0%| F|  |TAMS 0x0000000086800000, 0x0000000086800000| Untracked 
|  29|0x0000000086900000, 0x0000000086900000, 0x0000000086a00000|  0%| F|  |TAMS 0x0000000086900000, 0x0000000086900000| Untracked 
|  30|0x0000000086a00000, 0x0000000086a00000, 0x0000000086b00000|  0%| F|  |TAMS 0x0000000086a00000, 0x0000000086a00000| Untracked 
|  31|0x0000000086b00000, 0x0000000086b00000, 0x0000000086c00000|  0%| F|  |TAMS 0x0000000086b00000, 0x0000000086b00000| Untracked 
|  32|0x0000000086c00000, 0x0000000086c00000, 0x0000000086d00000|  0%| F|  |TAMS 0x0000000086c00000, 0x0000000086c00000| Untracked 
|  33|0x0000000086d00000, 0x0000000086d00000, 0x0000000086e00000|  0%| F|  |TAMS 0x0000000086d00000, 0x0000000086d00000| Untracked 
|  34|0x0000000086e00000, 0x0000000086e00000, 0x0000000086f00000|  0%| F|  |TAMS 0x0000000086e00000, 0x0000000086e00000| Untracked 
|  35|0x0000000086f00000, 0x0000000086f00000, 0x0000000087000000|  0%| F|  |TAMS 0x0000000086f00000, 0x0000000086f00000| Untracked 
|  36|0x0000000087000000, 0x0000000087000000, 0x0000000087100000|  0%| F|  |TAMS 0x0000000087000000, 0x0000000087000000| Untracked 
|  37|0x0000000087100000, 0x0000000087100000, 0x0000000087200000|  0%| F|  |TAMS 0x0000000087100000, 0x0000000087100000| Untracked 
|  38|0x0000000087200000, 0x0000000087200000, 0x0000000087300000|  0%| F|  |TAMS 0x0000000087200000, 0x0000000087200000| Untracked 
|  39|0x0000000087300000, 0x0000000087300000, 0x0000000087400000|  0%| F|  |TAMS 0x0000000087300000, 0x0000000087300000| Untracked 
|  40|0x0000000087400000, 0x0000000087400000, 0x0000000087500000|  0%| F|  |TAMS 0x0000000087400000, 0x0000000087400000| Untracked 
|  41|0x0000000087500000, 0x0000000087500000, 0x0000000087600000|  0%| F|  |TAMS 0x0000000087500000, 0x0000000087500000| Untracked 
|  42|0x0000000087600000, 0x0000000087600000, 0x0000000087700000|  0%| F|  |TAMS 0x0000000087600000, 0x0000000087600000| Untracked 
|  43|0x0000000087700000, 0x0000000087700000, 0x0000000087800000|  0%| F|  |TAMS 0x0000000087700000, 0x0000000087700000| Untracked 
|  44|0x0000000087800000, 0x0000000087800000, 0x0000000087900000|  0%| F|  |TAMS 0x0000000087800000, 0x0000000087800000| Untracked 
|  45|0x0000000087900000, 0x0000000087900000, 0x0000000087a00000|  0%| F|  |TAMS 0x0000000087900000, 0x0000000087900000| Untracked 
|  46|0x0000000087a00000, 0x0000000087a00000, 0x0000000087b00000|  0%| F|  |TAMS 0x0000000087a00000, 0x0000000087a00000| Untracked 
|  47|0x0000000087b00000, 0x0000000087b00000, 0x0000000087c00000|  0%| F|  |TAMS 0x0000000087b00000, 0x0000000087b00000| Untracked 
|  48|0x0000000087c00000, 0x0000000087c00000, 0x0000000087d00000|  0%| F|  |TAMS 0x0000000087c00000, 0x0000000087c00000| Untracked 
|  49|0x0000000087d00000, 0x0000000087d00000, 0x0000000087e00000|  0%| F|  |TAMS 0x0000000087d00000, 0x0000000087d00000| Untracked 
|  50|0x0000000087e00000, 0x0000000087e00000, 0x0000000087f00000|  0%| F|  |TAMS 0x0000000087e00000, 0x0000000087e00000| Untracked 
|  51|0x0000000087f00000, 0x0000000087f00000, 0x0000000088000000|  0%| F|  |TAMS 0x0000000087f00000, 0x0000000087f00000| Untracked 
|  52|0x0000000088000000, 0x0000000088000000, 0x0000000088100000|  0%| F|  |TAMS 0x0000000088000000, 0x0000000088000000| Untracked 
|  53|0x0000000088100000, 0x0000000088100000, 0x0000000088200000|  0%| F|  |TAMS 0x0000000088100000, 0x0000000088100000| Untracked 
|  54|0x0000000088200000, 0x0000000088200000, 0x0000000088300000|  0%| F|  |TAMS 0x0000000088200000, 0x0000000088200000| Untracked 
|  55|0x0000000088300000, 0x0000000088300000, 0x0000000088400000|  0%| F|  |TAMS 0x0000000088300000, 0x0000000088300000| Untracked 
|  56|0x0000000088400000, 0x0000000088400000, 0x0000000088500000|  0%| F|  |TAMS 0x0000000088400000, 0x0000000088400000| Untracked 
|  57|0x0000000088500000, 0x0000000088500000, 0x0000000088600000|  0%| F|  |TAMS 0x0000000088500000, 0x0000000088500000| Untracked 
|  58|0x0000000088600000, 0x0000000088600000, 0x0000000088700000|  0%| F|  |TAMS 0x0000000088600000, 0x0000000088600000| Untracked 
|  59|0x0000000088700000, 0x0000000088700000, 0x0000000088800000|  0%| F|  |TAMS 0x0000000088700000, 0x0000000088700000| Untracked 
|  60|0x0000000088800000, 0x0000000088800000, 0x0000000088900000|  0%| F|  |TAMS 0x0000000088800000, 0x0000000088800000| Untracked 
|  61|0x0000000088900000, 0x0000000088900000, 0x0000000088a00000|  0%| F|  |TAMS 0x0000000088900000, 0x0000000088900000| Untracked 
|  62|0x0000000088a00000, 0x0000000088a00000, 0x0000000088b00000|  0%| F|  |TAMS 0x0000000088a00000, 0x0000000088a00000| Untracked 
|  63|0x0000000088b00000, 0x0000000088b00000, 0x0000000088c00000|  0%| F|  |TAMS 0x0000000088b00000, 0x0000000088b00000| Untracked 
|  64|0x0000000088c00000, 0x0000000088c00000, 0x0000000088d00000|  0%| F|  |TAMS 0x0000000088c00000, 0x0000000088c00000| Untracked 
|  65|0x0000000088d00000, 0x0000000088d00000, 0x0000000088e00000|  0%| F|  |TAMS 0x0000000088d00000, 0x0000000088d00000| Untracked 
|  66|0x0000000088e00000, 0x0000000088e00000, 0x0000000088f00000|  0%| F|  |TAMS 0x0000000088e00000, 0x0000000088e00000| Untracked 
|  67|0x0000000088f00000, 0x0000000088f00000, 0x0000000089000000|  0%| F|  |TAMS 0x0000000088f00000, 0x0000000088f00000| Untracked 
|  68|0x0000000089000000, 0x0000000089000000, 0x0000000089100000|  0%| F|  |TAMS 0x0000000089000000, 0x0000000089000000| Untracked 
|  69|0x0000000089100000, 0x0000000089100000, 0x0000000089200000|  0%| F|  |TAMS 0x0000000089100000, 0x0000000089100000| Untracked 
|  70|0x0000000089200000, 0x0000000089200000, 0x0000000089300000|  0%| F|  |TAMS 0x0000000089200000, 0x0000000089200000| Untracked 
|  71|0x0000000089300000, 0x0000000089300000, 0x0000000089400000|  0%| F|  |TAMS 0x0000000089300000, 0x0000000089300000| Untracked 
|  72|0x0000000089400000, 0x0000000089400000, 0x0000000089500000|  0%| F|  |TAMS 0x0000000089400000, 0x0000000089400000| Untracked 
|  73|0x0000000089500000, 0x0000000089500000, 0x0000000089600000|  0%| F|  |TAMS 0x0000000089500000, 0x0000000089500000| Untracked 
|  74|0x0000000089600000, 0x0000000089600000, 0x0000000089700000|  0%| F|  |TAMS 0x0000000089600000, 0x0000000089600000| Untracked 
|  75|0x0000000089700000, 0x0000000089700000, 0x0000000089800000|  0%| F|  |TAMS 0x0000000089700000, 0x0000000089700000| Untracked 
|  76|0x0000000089800000, 0x0000000089800000, 0x0000000089900000|  0%| F|  |TAMS 0x0000000089800000, 0x0000000089800000| Untracked 
|  77|0x0000000089900000, 0x0000000089900000, 0x0000000089a00000|  0%| F|  |TAMS 0x0000000089900000, 0x0000000089900000| Untracked 
|  78|0x0000000089a00000, 0x0000000089a00000, 0x0000000089b00000|  0%| F|  |TAMS 0x0000000089a00000, 0x0000000089a00000| Untracked 
|  79|0x0000000089b00000, 0x0000000089b00000, 0x0000000089c00000|  0%| F|  |TAMS 0x0000000089b00000, 0x0000000089b00000| Untracked 
|  80|0x0000000089c00000, 0x0000000089c00000, 0x0000000089d00000|  0%| F|  |TAMS 0x0000000089c00000, 0x0000000089c00000| Untracked 
|  81|0x0000000089d00000, 0x0000000089d00000, 0x0000000089e00000|  0%| F|  |TAMS 0x0000000089d00000, 0x0000000089d00000| Untracked 
|  82|0x0000000089e00000, 0x0000000089e00000, 0x0000000089f00000|  0%| F|  |TAMS 0x0000000089e00000, 0x0000000089e00000| Untracked 
|  83|0x0000000089f00000, 0x0000000089f00000, 0x000000008a000000|  0%| F|  |TAMS 0x0000000089f00000, 0x0000000089f00000| Untracked 
|  84|0x000000008a000000, 0x000000008a000000, 0x000000008a100000|  0%| F|  |TAMS 0x000000008a000000, 0x000000008a000000| Untracked 
|  85|0x000000008a100000, 0x000000008a100000, 0x000000008a200000|  0%| F|  |TAMS 0x000000008a100000, 0x000000008a100000| Untracked 
|  86|0x000000008a200000, 0x000000008a200000, 0x000000008a300000|  0%| F|  |TAMS 0x000000008a200000, 0x000000008a200000| Untracked 
|  87|0x000000008a300000, 0x000000008a300000, 0x000000008a400000|  0%| F|  |TAMS 0x000000008a300000, 0x000000008a300000| Untracked 
|  88|0x000000008a400000, 0x000000008a400000, 0x000000008a500000|  0%| F|  |TAMS 0x000000008a400000, 0x000000008a400000| Untracked 
|  89|0x000000008a500000, 0x000000008a500000, 0x000000008a600000|  0%| F|  |TAMS 0x000000008a500000, 0x000000008a500000| Untracked 
|  90|0x000000008a600000, 0x000000008a600000, 0x000000008a700000|  0%| F|  |TAMS 0x000000008a600000, 0x000000008a600000| Untracked 
|  91|0x000000008a700000, 0x000000008a700000, 0x000000008a800000|  0%| F|  |TAMS 0x000000008a700000, 0x000000008a700000| Untracked 
|  92|0x000000008a800000, 0x000000008a800000, 0x000000008a900000|  0%| F|  |TAMS 0x000000008a800000, 0x000000008a800000| Untracked 
|  93|0x000000008a900000, 0x000000008a900000, 0x000000008aa00000|  0%| F|  |TAMS 0x000000008a900000, 0x000000008a900000| Untracked 
|  94|0x000000008aa00000, 0x000000008aa00000, 0x000000008ab00000|  0%| F|  |TAMS 0x000000008aa00000, 0x000000008aa00000| Untracked 
|  95|0x000000008ab00000, 0x000000008ab00000, 0x000000008ac00000|  0%| F|  |TAMS 0x000000008ab00000, 0x000000008ab00000| Untracked 
|  96|0x000000008ac00000, 0x000000008ac00000, 0x000000008ad00000|  0%| F|  |TAMS 0x000000008ac00000, 0x000000008ac00000| Untracked 
|  97|0x000000008ad00000, 0x000000008ad00000, 0x000000008ae00000|  0%| F|  |TAMS 0x000000008ad00000, 0x000000008ad00000| Untracked 
|  98|0x000000008ae00000, 0x000000008ae00000, 0x000000008af00000|  0%| F|  |TAMS 0x000000008ae00000, 0x000000008ae00000| Untracked 
|  99|0x000000008af00000, 0x000000008af00000, 0x000000008b000000|  0%| F|  |TAMS 0x000000008af00000, 0x000000008af00000| Untracked 
| 100|0x000000008b000000, 0x000000008b000000, 0x000000008b100000|  0%| F|  |TAMS 0x000000008b000000, 0x000000008b000000| Untracked 
| 101|0x000000008b100000, 0x000000008b100000, 0x000000008b200000|  0%| F|  |TAMS 0x000000008b100000, 0x000000008b100000| Untracked 
| 102|0x000000008b200000, 0x000000008b200000, 0x000000008b300000|  0%| F|  |TAMS 0x000000008b200000, 0x000000008b200000| Untracked 
| 103|0x000000008b300000, 0x000000008b300000, 0x000000008b400000|  0%| F|  |TAMS 0x000000008b300000, 0x000000008b300000| Untracked 
| 104|0x000000008b400000, 0x000000008b400000, 0x000000008b500000|  0%| F|  |TAMS 0x000000008b400000, 0x000000008b400000| Untracked 
| 105|0x000000008b500000, 0x000000008b500000, 0x000000008b600000|  0%| F|  |TAMS 0x000000008b500000, 0x000000008b500000| Untracked 
| 106|0x000000008b600000, 0x000000008b600000, 0x000000008b700000|  0%| F|  |TAMS 0x000000008b600000, 0x000000008b600000| Untracked 
| 107|0x000000008b700000, 0x000000008b700000, 0x000000008b800000|  0%| F|  |TAMS 0x000000008b700000, 0x000000008b700000| Untracked 
| 108|0x000000008b800000, 0x000000008b800000, 0x000000008b900000|  0%| F|  |TAMS 0x000000008b800000, 0x000000008b800000| Untracked 
| 109|0x000000008b900000, 0x000000008b900000, 0x000000008ba00000|  0%| F|  |TAMS 0x000000008b900000, 0x000000008b900000| Untracked 
| 110|0x000000008ba00000, 0x000000008ba00000, 0x000000008bb00000|  0%| F|  |TAMS 0x000000008ba00000, 0x000000008ba00000| Untracked 
| 111|0x000000008bb00000, 0x000000008bb00000, 0x000000008bc00000|  0%| F|  |TAMS 0x000000008bb00000, 0x000000008bb00000| Untracked 
| 112|0x000000008bc00000, 0x000000008bc00000, 0x000000008bd00000|  0%| F|  |TAMS 0x000000008bc00000, 0x000000008bc00000| Untracked 
| 113|0x000000008bd00000, 0x000000008bd00000, 0x000000008be00000|  0%| F|  |TAMS 0x000000008bd00000, 0x000000008bd00000| Untracked 
| 114|0x000000008be00000, 0x000000008be00000, 0x000000008bf00000|  0%| F|  |TAMS 0x000000008be00000, 0x000000008be00000| Untracked 
| 115|0x000000008bf00000, 0x000000008bf71070, 0x000000008c000000| 44%| E|  |TAMS 0x000000008bf00000, 0x000000008bf00000| Complete 
| 116|0x000000008c000000, 0x000000008c100000, 0x000000008c100000|100%| E|CS|TAMS 0x000000008c000000, 0x000000008c000000| Complete 
| 117|0x000000008c100000, 0x000000008c200000, 0x000000008c200000|100%| E|CS|TAMS 0x000000008c100000, 0x000000008c100000| Complete 
| 118|0x000000008c200000, 0x000000008c300000, 0x000000008c300000|100%| E|  |TAMS 0x000000008c200000, 0x000000008c200000| Complete 
| 119|0x000000008c300000, 0x000000008c400000, 0x000000008c400000|100%| E|CS|TAMS 0x000000008c300000, 0x000000008c300000| Complete 
| 120|0x000000008c400000, 0x000000008c500000, 0x000000008c500000|100%| E|CS|TAMS 0x000000008c400000, 0x000000008c400000| Complete 
| 121|0x000000008c500000, 0x000000008c600000, 0x000000008c600000|100%| E|CS|TAMS 0x000000008c500000, 0x000000008c500000| Complete 
| 122|0x000000008c600000, 0x000000008c700000, 0x000000008c700000|100%| E|CS|TAMS 0x000000008c600000, 0x000000008c600000| Complete 
| 123|0x000000008c700000, 0x000000008c800000, 0x000000008c800000|100%| E|CS|TAMS 0x000000008c700000, 0x000000008c700000| Complete 
|1970|0x00000000ffe00000, 0x00000000ffe76000, 0x00000000fff00000| 46%|OA|  |TAMS 0x00000000ffe00000, 0x00000000ffe00000| Untracked 
|1971|0x00000000fff00000, 0x00000000fff83000, 0x0000000100000000| 51%|CA|  |TAMS 0x00000000fff00000, 0x00000000fff00000| Untracked 

Card table byte_map: [0x00007f3238046000,0x00007f3238420000] _byte_map_base: 0x00007f3237c20000

Marking Bits (Prev, Next): (CMBitMap*) 0x00007f3234063d60, (CMBitMap*) 0x00007f3234063da0
 Prev Bits: [0x00007f321b4be000, 0x00007f321d38e000)
 Next Bits: [0x00007f32195ee000, 0x00007f321b4be000)

Polling page: 0x00007f323a74e000

Metaspace:

Usage:
  Non-class:      3.50 MB used.
      Class:    205.84 KB used.
       Both:      3.70 MB used.

Virtual space:
  Non-class space:        8.00 MB reserved,       3.62 MB ( 45%) committed,  1 nodes.
      Class space:        1.00 GB reserved,     320.00 KB ( <1%) committed,  1 nodes.
             Both:        1.01 GB reserved,       3.94 MB ( <1%) committed. 

Chunk freelists:
   Non-Class:  1.59 MB
       Class:  3.61 MB
        Both:  5.20 MB

MaxMetaspaceSize: unlimited
CompressedClassSpaceSize: 1.00 GB
Initial GC threshold: 21.00 MB
Current GC threshold: 21.00 MB
CDS: on
MetaspaceReclaimPolicy: balanced
 - commit_granule_bytes: 65536.
 - commit_granule_words: 8192.
 - virtual_space_node_default_size: 1048576.
 - enlarge_chunks_in_place: 1.
 - new_chunks_are_fully_committed: 0.
 - uncommit_free_chunks: 1.
 - use_allocation_guard: 0.
 - handle_deallocations: 1.


Internal statistics:

num_allocs_failed_limit: 0.
num_arena_births: 78.
num_arena_deaths: 0.
num_vsnodes_births: 2.
num_vsnodes_deaths: 0.
num_space_committed: 61.
num_space_uncommitted: 0.
num_chunks_returned_to_freelist: 0.
num_chunks_taken_from_freelist: 189.
num_chunk_merges: 0.
num_chunk_splits: 125.
num_chunks_enlarged: 82.
num_purges: 0.
num_inconsistent_stats: 0.

CodeHeap 'non-profiled nmethods': size=120032Kb used=162Kb max_used=162Kb free=119869Kb
 bounds [0x00007f3225230000, 0x00007f32254a0000, 0x00007f322c768000]
CodeHeap 'profiled nmethods': size=120028Kb used=896Kb max_used=896Kb free=119131Kb
 bounds [0x00007f321dcf9000, 0x00007f321df69000, 0x00007f3225230000]
CodeHeap 'non-nmethods': size=5700Kb used=1568Kb max_used=1581Kb free=4132Kb
 bounds [0x00007f321d768000, 0x00007f321d9d8000, 0x00007f321dcf9000]
 total_blobs=1543 nmethods=551 adapters=906
 compilation: enabled
              stopped_count=0, restarted_count=0
 full_count=0

Compilation events (20 events):
Event: 0.330 Thread 0x00007f323411ff80  542       3       jdk.internal.misc.Unsafe::checkNativeAddress (28 bytes)
Event: 0.330 Thread 0x00007f323411ff80 nmethod 542 0x00007f321ddd5d10 code [0x00007f321ddd5ea0, 0x00007f321ddd5fb0]
Event: 0.330 Thread 0x00007f323411ff80  543       3       java.nio.channels.spi.AbstractInterruptibleChannel::isOpen (13 bytes)
Event: 0.330 Thread 0x00007f323411ff80 nmethod 543 0x00007f321ddd6010 code [0x00007f321ddd61a0, 0x00007f321ddd6310]
Event: 0.330 Thread 0x00007f323411ff80  544       3       sun.nio.ch.Util::isBufferTooLarge (15 bytes)
Event: 0.330 Thread 0x00007f323411ff80 nmethod 544 0x00007f321ddd6390 code [0x00007f321ddd6520, 0x00007f321ddd6670]
Event: 0.331 Thread 0x00007f323411ff80  545       3       jdk.internal.jimage.BasicImageReader::getLocationIndex (52 bytes)
Event: 0.331 Thread 0x00007f323411ea50  547       4       java.nio.Buffer::scope (17 bytes)
Event: 0.331 Thread 0x00007f323411ff80 nmethod 545 0x00007f321ddd6710 code [0x00007f321ddd6900, 0x00007f321ddd6d90]
Event: 0.331 Thread 0x00007f323411ff80  549       3       jdk.internal.jimage.ImageLocation::verify (218 bytes)
Event: 0.331 Thread 0x00007f323411ea50 nmethod 547 0x00007f3225258510 code [0x00007f32252586a0, 0x00007f3225258738]
Event: 0.331 Thread 0x00007f323411ea50  548   !   4       jdk.internal.misc.ScopedMemoryAccess::getByte (20 bytes)
Event: 0.331 Thread 0x00007f323411ea50 nmethod 548 0x00007f3225258810 code [0x00007f32252589a0, 0x00007f3225258a58]
Event: 0.331 Thread 0x00007f323411ff80 nmethod 549 0x00007f321ddd6f90 code [0x00007f321ddd7240, 0x00007f321ddd7fb0]
Event: 0.331 Thread 0x00007f323411ff80  546       3       jdk.internal.jimage.ImageStringsReader::hashCode (8 bytes)
Event: 0.331 Thread 0x00007f323411ff80 nmethod 546 0x00007f321ddd8510 code [0x00007f321ddd86c0, 0x00007f321ddd8870]
Event: 0.331 Thread 0x00007f323411ff80  550       3       jdk.internal.jimage.ImageStringsReader::match (11 bytes)
Event: 0.331 Thread 0x00007f323411ff80 nmethod 550 0x00007f321ddd8990 code [0x00007f321ddd8b40, 0x00007f321ddd8d00]
Event: 0.331 Thread 0x00007f323411ff80  551       3       jdk.internal.jimage.BasicImageReader::match (37 bytes)
Event: 0.332 Thread 0x00007f323411ff80 nmethod 551 0x00007f321ddd8e10 code [0x00007f321ddd8fe0, 0x00007f321ddd9270]

GC Heap History (0 events):
No events

Deoptimization events (10 events):
Event: 0.130 Thread 0x00007f3234024860 DEOPT PACKING pc=0x00007f321dd13eda sp=0x00007f3239137a90
Event: 0.130 Thread 0x00007f3234024860 DEOPT UNPACKING pc=0x00007f321d7ba82f sp=0x00007f3239136ed0 mode 0
Event: 0.248 Thread 0x00007f3234024860 DEOPT PACKING pc=0x00007f321dcfaece sp=0x00007f3239137940
Event: 0.248 Thread 0x00007f3234024860 DEOPT UNPACKING pc=0x00007f321d7ba82f sp=0x00007f3239136dd8 mode 0
Event: 0.253 Thread 0x00007f3234024860 DEOPT PACKING pc=0x00007f321dcff9ee sp=0x00007f3239137080
Event: 0.253 Thread 0x00007f3234024860 DEOPT UNPACKING pc=0x00007f321d7ba82f sp=0x00007f32391364f0 mode 0
Event: 0.282 Thread 0x00007f3234024860 Uncommon trap: trap_request=0xffffff54 fr.pc=0x00007f32252543fc relative=0x000000000000005c
Event: 0.282 Thread 0x00007f3234024860 Uncommon trap: reason=speculate_null_assert action=make_not_entrant pc=0x00007f32252543fc method=sun.misc.Unsafe.getLong(Ljava/lang/Object;J)J @ 5 c2
Event: 0.282 Thread 0x00007f3234024860 DEOPT PACKING pc=0x00007f32252543fc sp=0x00007f3239138340
Event: 0.282 Thread 0x00007f3234024860 DEOPT UNPACKING pc=0x00007f321d7ba099 sp=0x00007f32391382e8 mode 2

Classes unloaded (0 events):
No events

Classes redefined (0 events):
No events

Internal exceptions (20 events):
Event: 0.083 Thread 0x00007f3234024860 Exception <a 'java/lang/NoSuchMethodError'{0x000000008c6ff9f0}: 'java.lang.Object java.lang.invoke.DirectMethodHandle$Holder.invokeStaticInit(java.lang.Object)'> (0x000000008c6ff9f0) 
thrown [open/src/hotspot/share/interpreter/linkResolver.cpp, line 765]
Event: 0.090 Thread 0x00007f3234024860 Exception <a 'java/lang/NoSuchMethodError'{0x000000008c54e558}: 'void java.lang.invoke.DirectMethodHandle$Holder.invokeStatic(java.lang.Object, java.lang.Object)'> (0x000000008c54e558) 
thrown [open/src/hotspot/share/interpreter/linkResolver.cpp, line 765]
Event: 0.090 Thread 0x00007f3234024860 Exception <a 'java/lang/NoSuchMethodError'{0x000000008c553868}: 'void java.lang.invoke.DirectMethodHandle$Holder.invokeSpecial(java.lang.Object, java.lang.Object, java.lang.Object)'> (0x000000008c553868) 
thrown [open/src/hotspot/share/interpreter/linkResolver.cpp, line 765]
Event: 0.092 Thread 0x00007f3234024860 Exception <a 'java/lang/NoSuchMethodError'{0x000000008c561818}: 'java.lang.Object java.lang.invoke.DirectMethodHandle$Holder.invokeStatic(java.lang.Object, java.lang.Object, int)'> (0x000000008c561818) 
thrown [open/src/hotspot/share/interpreter/linkResolver.cpp, line 765]
Event: 0.092 Thread 0x00007f3234024860 Exception <a 'java/lang/NoSuchMethodError'{0x000000008c56d728}: 'void java.lang.invoke.DelegatingMethodHandle$Holder.delegate(java.lang.Object, java.lang.Object, int, java.lang.Object)'> (0x000000008c56d728) 
thrown [open/src/hotspot/share/interpreter/linkResolver.cpp, line 765]
Event: 0.093 Thread 0x00007f3234024860 Exception <a 'java/lang/NoSuchMethodError'{0x000000008c571938}: 'int java.lang.invoke.DirectMethodHandle$Holder.invokeSpecial(java.lang.Object, java.lang.Object, java.lang.Object)'> (0x000000008c571938) 
thrown [open/src/hotspot/share/interpreter/linkResolver.cpp, line 765]
Event: 0.107 Thread 0x00007f3234024860 Exception <a 'sun/nio/fs/UnixException'{0x000000008c40e688}> (0x000000008c40e688) 
thrown [open/src/hotspot/share/prims/jni.cpp, line 516]
Event: 0.112 Thread 0x00007f3234024860 Exception <a 'java/lang/NoSuchMethodError'{0x000000008c451448}: 'int java.lang.invoke.DirectMethodHandle$Holder.invokeStaticInit(java.lang.Object, java.lang.Object, int, long)'> (0x000000008c451448) 
thrown [open/src/hotspot/share/interpreter/linkResolver.cpp, line 765]
Event: 0.113 Thread 0x00007f3234024860 Exception <a 'java/lang/NoSuchMethodError'{0x000000008c456d10}: 'java.lang.Object java.lang.invoke.DirectMethodHandle$Holder.newInvokeSpecial(java.lang.Object, java.lang.Object, int)'> (0x000000008c456d10) 
thrown [open/src/hotspot/share/interpreter/linkResolver.cpp, line 765]
Event: 0.114 Thread 0x00007f3234024860 Exception <a 'java/lang/NoSuchMethodError'{0x000000008c466f08}: 'int java.lang.invoke.DirectMethodHandle$Holder.invokeStaticInit(java.lang.Object, java.lang.Object, long, long)'> (0x000000008c466f08) 
thrown [open/src/hotspot/share/interpreter/linkResolver.cpp, line 765]
Event: 0.115 Thread 0x00007f3234024860 Exception <a 'java/lang/NoSuchMethodError'{0x000000008c46d320}: 'java.lang.Object java.lang.invoke.DirectMethodHandle$Holder.newInvokeSpecial(java.lang.Object, java.lang.Object, long)'> (0x000000008c46d320) 
thrown [open/src/hotspot/share/interpreter/linkResolver.cpp, line 765]
Event: 0.115 Thread 0x00007f3234024860 Exception <a 'java/lang/NoSuchMethodError'{0x000000008c471368}: 'java.lang.Object java.lang.invoke.Invokers$Holder.linkToTargetMethod(java.lang.Object, long, java.lang.Object)'> (0x000000008c471368) 
thrown [open/src/hotspot/share/interpreter/linkResolver.cpp, line 765]
Event: 0.115 Thread 0x00007f3234024860 Exception <a 'java/lang/NoSuchMethodError'{0x000000008c478a80}: 'int java.lang.invoke.DirectMethodHandle$Holder.invokeStaticInit(java.lang.Object, java.lang.Object, java.lang.Object, long)'> (0x000000008c478a80) 
thrown [open/src/hotspot/share/interpreter/linkResolver.cpp, line 765]
Event: 0.127 Thread 0x00007f3234024860 Exception <a 'sun/nio/fs/UnixException'{0x000000008c337818}> (0x000000008c337818) 
thrown [open/src/hotspot/share/prims/jni.cpp, line 516]
Event: 0.194 Thread 0x00007f3234024860 Exception <a 'java/lang/NoSuchMethodError'{0x000000008c38cbb8}: 'void java.lang.invoke.DirectMethodHandle$Holder.invokeStaticInit(java.lang.Object, long, double, double)'> (0x000000008c38cbb8) 
thrown [open/src/hotspot/share/interpreter/linkResolver.cpp, line 765]
Event: 0.195 Thread 0x00007f3234024860 Exception <a 'java/lang/NoSuchMethodError'{0x000000008c39cd10}: 'void java.lang.invoke.DirectMethodHandle$Holder.invokeStaticInit(java.lang.Object, long, int, int, int)'> (0x000000008c39cd10) 
thrown [open/src/hotspot/share/interpreter/linkResolver.cpp, line 765]
Event: 0.197 Thread 0x00007f3234024860 Exception <a 'java/lang/NoSuchMethodError'{0x000000008c3b70f0}: 'void java.lang.invoke.DirectMethodHandle$Holder.invokeStaticInit(java.lang.Object, long, int, int, int, int)'> (0x000000008c3b70f0) 
thrown [open/src/hotspot/share/interpreter/linkResolver.cpp, line 765]
Event: 0.250 Thread 0x00007f3234024860 Exception <a 'sun/nio/fs/UnixException'{0x000000008c3edc40}> (0x000000008c3edc40) 
thrown [open/src/hotspot/share/prims/jni.cpp, line 516]
Event: 0.252 Thread 0x00007f3234024860 Exception <a 'sun/nio/fs/UnixException'{0x000000008c3f4eb0}> (0x000000008c3f4eb0) 
thrown [open/src/hotspot/share/prims/jni.cpp, line 516]
Event: 0.330 Thread 0x00007f3234024860 Exception <a 'sun/nio/fs/UnixException'{0x000000008bf21a88}> (0x000000008bf21a88) 
thrown [open/src/hotspot/share/prims/jni.cpp, line 516]

VM Operations (4 events):
Event: 0.084 Executing VM operation: HandshakeAllThreads
Event: 0.084 Executing VM operation: HandshakeAllThreads done
Event: 0.104 Executing VM operation: HandshakeAllThreads
Event: 0.104 Executing VM operation: HandshakeAllThreads done

Events (20 events):
Event: 0.255 loading class sun/net/www/protocol/jrt/Handler
Event: 0.255 loading class sun/net/www/protocol/jrt/Handler done
Event: 0.258 loading class sun/util/resources/LocaleData$CommonResourceBundleProvider
Event: 0.258 loading class sun/util/resources/LocaleData$LocaleDataResourceBundleProvider
Event: 0.258 loading class java/util/spi/ResourceBundleProvider
Event: 0.258 loading class java/util/spi/ResourceBundleProvider done
Event: 0.258 loading class sun/util/resources/LocaleData$LocaleDataResourceBundleProvider done
Event: 0.258 loading class sun/util/resources/LocaleData$CommonResourceBundleProvider done
Event: 0.258 loading class java/util/ArrayList$SubList$1
Event: 0.258 loading class java/util/ArrayList$SubList$1 done
Event: 0.258 loading class sun/text/resources/cldr/FormatData_en
Event: 0.258 loading class sun/text/resources/cldr/FormatData_en done
Event: 0.259 loading class sun/util/resources/Bundles$2
Event: 0.259 loading class sun/util/resources/Bundles$2 done
Event: 0.300 loading class java/io/Externalizable
Event: 0.300 loading class java/io/Externalizable done
Event: 0.300 Loaded shared library /usr/lib/jvm/java-17-oracle/lib/libverify.so
Event: 0.330 Loaded shared library /tmp/lwjglcryptigo/3.3.1-build-7/liblwjgl_stb.so
Event: 0.331 loading class jdk/internal/misc/ScopedMemoryAccess$Scope
Event: 0.331 loading class jdk/internal/misc/ScopedMemoryAccess$Scope done


Dynamic libraries:
84c00000-8c800000 rw-p 00000000 00:00 0 
8c800000-ffe00000 ---p 00000000 00:00 0 
ffe00000-ffe76000 rw-p 00c9b000 08:15 2248955                            /usr/lib/jvm/java-17-oracle/lib/server/classes.jsa
ffe76000-fff00000 rw-p 00000000 00:00 0 
fff00000-fff83000 rw-p 00c18000 08:15 2248955                            /usr/lib/jvm/java-17-oracle/lib/server/classes.jsa
fff83000-100000000 rw-p 00000000 00:00 0 
800000000-800441000 rw-p 00001000 08:15 2248955                          /usr/lib/jvm/java-17-oracle/lib/server/classes.jsa
800441000-800bdf000 r--p 00442000 08:15 2248955                          /usr/lib/jvm/java-17-oracle/lib/server/classes.jsa
800bdf000-800c00000 ---p 00000000 00:00 0 
800c00000-800c30000 rw-p 00000000 00:00 0 
800c30000-800c40000 ---p 00000000 00:00 0 
800c40000-800c60000 rw-p 00000000 00:00 0 
800c60000-840c00000 ---p 00000000 00:00 0 
55f9ee717000-55f9ee718000 r-xp 00000000 08:15 2248528                    /usr/lib/jvm/java-17-oracle/bin/java
55f9ee719000-55f9ee71a000 r--p 00001000 08:15 2248528                    /usr/lib/jvm/java-17-oracle/bin/java
55f9ee71a000-55f9ee71b000 rw-p 00002000 08:15 2248528                    /usr/lib/jvm/java-17-oracle/bin/java
55f9ef390000-55f9ef3b1000 rw-p 00000000 00:00 0                          [heap]
7f31c0000000-7f31c0021000 rw-p 00000000 00:00 0 
7f31c0021000-7f31c4000000 ---p 00000000 00:00 0 
7f31c684a000-7f31cba6b000 r-xp 00000000 08:15 2105450                    /usr/lib/x86_64-linux-gnu/libLLVM-12.so.1
7f31cba6b000-7f31cbf84000 r--p 05220000 08:15 2105450                    /usr/lib/x86_64-linux-gnu/libLLVM-12.so.1
7f31cbf84000-7f31cbf8b000 rw-p 05739000 08:15 2105450                    /usr/lib/x86_64-linux-gnu/libLLVM-12.so.1
7f31cbf8b000-7f31cc000000 rw-p 00000000 00:00 0 
7f31cc000000-7f31cc021000 rw-p 00000000 00:00 0 
7f31cc021000-7f31d0000000 ---p 00000000 00:00 0 
7f31d08f0000-7f31d0cf0000 rw-s 1258dd000 00:05 601                       /dev/dri/card0
7f31d0cf0000-7f31d0ff1000 rw-p 00000000 00:00 0 
7f31d12f2000-7f31d1362000 r-xp 00000000 08:15 1050600                    /tmp/lwjglcryptigo/3.3.1-build-7/liblwjgl_stb.so
7f31d1362000-7f31d1562000 ---p 00070000 08:15 1050600                    /tmp/lwjglcryptigo/3.3.1-build-7/liblwjgl_stb.so
7f31d1562000-7f31d1563000 r--p 00070000 08:15 1050600                    /tmp/lwjglcryptigo/3.3.1-build-7/liblwjgl_stb.so
7f31d1563000-7f31d1564000 rw-p 00071000 08:15 1050600                    /tmp/lwjglcryptigo/3.3.1-build-7/liblwjgl_stb.so
7f31d1564000-7f31d15ba000 r-xp 00000000 08:15 1050604                    /tmp/lwjglcryptigo/3.3.1-build-7/liblwjgl_opengl.so
7f31d15ba000-7f31d17b9000 ---p 00056000 08:15 1050604                    /tmp/lwjglcryptigo/3.3.1-build-7/liblwjgl_opengl.so
7f31d17b9000-7f31d17ba000 r--p 00055000 08:15 1050604                    /tmp/lwjglcryptigo/3.3.1-build-7/liblwjgl_opengl.so
7f31d17ba000-7f31d17bb000 rw-p 00056000 08:15 1050604                    /tmp/lwjglcryptigo/3.3.1-build-7/liblwjgl_opengl.so
7f31d17bb000-7f31d1807000 rw-p 00000000 00:00 0 
7f31d1807000-7f31d1887000 rw-s 11533d000 00:05 601                       /dev/dri/card0
7f31d1887000-7f31d1888000 ---p 00000000 00:00 0 
7f31d1888000-7f31d2088000 rw-p 00000000 00:00 0 
7f31d2088000-7f31d21c9000 rw-s 00000000 08:15 3277919                    /home/cryptigo/.cache/mesa_shader_cache/index
7f31d21c9000-7f31d21d7000 r--p 00000000 08:15 2106355                    /usr/lib/x86_64-linux-gnu/libtinfo.so.6.2
7f31d21d7000-7f31d21e6000 r-xp 0000e000 08:15 2106355                    /usr/lib/x86_64-linux-gnu/libtinfo.so.6.2
7f31d21e6000-7f31d21f4000 r--p 0001d000 08:15 2106355                    /usr/lib/x86_64-linux-gnu/libtinfo.so.6.2
7f31d21f4000-7f31d21f8000 r--p 0002a000 08:15 2106355                    /usr/lib/x86_64-linux-gnu/libtinfo.so.6.2
7f31d21f8000-7f31d21f9000 rw-p 0002e000 08:15 2106355                    /usr/lib/x86_64-linux-gnu/libtinfo.so.6.2
7f31d21f9000-7f31d2201000 r--p 00000000 08:15 2105414                    /usr/lib/x86_64-linux-gnu/libedit.so.2.0.63
7f31d2201000-7f31d221c000 r-xp 00008000 08:15 2105414                    /usr/lib/x86_64-linux-gnu/libedit.so.2.0.63
7f31d221c000-7f31d222a000 r--p 00023000 08:15 2105414                    /usr/lib/x86_64-linux-gnu/libedit.so.2.0.63
7f31d222a000-7f31d222c000 r--p 00030000 08:15 2105414                    /usr/lib/x86_64-linux-gnu/libedit.so.2.0.63
7f31d222c000-7f31d222d000 rw-p 00032000 08:15 2105414                    /usr/lib/x86_64-linux-gnu/libedit.so.2.0.63
7f31d222d000-7f31d2231000 rw-p 00000000 00:00 0 
7f31d2231000-7f31d2233000 r--p 00000000 08:15 2105464                    /usr/lib/x86_64-linux-gnu/libffi.so.7.1.0
7f31d2233000-7f31d2239000 r-xp 00002000 08:15 2105464                    /usr/lib/x86_64-linux-gnu/libffi.so.7.1.0
7f31d2239000-7f31d223a000 r--p 00008000 08:15 2105464                    /usr/lib/x86_64-linux-gnu/libffi.so.7.1.0
7f31d223a000-7f31d223b000 ---p 00009000 08:15 2105464                    /usr/lib/x86_64-linux-gnu/libffi.so.7.1.0
7f31d223b000-7f31d223c000 r--p 00009000 08:15 2105464                    /usr/lib/x86_64-linux-gnu/libffi.so.7.1.0
7f31d223c000-7f31d223d000 rw-p 0000a000 08:15 2105464                    /usr/lib/x86_64-linux-gnu/libffi.so.7.1.0
7f31d223d000-7f31d22d3000 r--p 00000000 08:15 2106312                    /usr/lib/x86_64-linux-gnu/libstdc++.so.6.0.28
7f31d22d3000-7f31d23c4000 r-xp 00096000 08:15 2106312                    /usr/lib/x86_64-linux-gnu/libstdc++.so.6.0.28
7f31d23c4000-7f31d240d000 r--p 00187000 08:15 2106312                    /usr/lib/x86_64-linux-gnu/libstdc++.so.6.0.28
7f31d240d000-7f31d240e000 ---p 001d0000 08:15 2106312                    /usr/lib/x86_64-linux-gnu/libstdc++.so.6.0.28
7f31d240e000-7f31d2419000 r--p 001d0000 08:15 2106312                    /usr/lib/x86_64-linux-gnu/libstdc++.so.6.0.28
7f31d2419000-7f31d241c000 rw-p 001db000 08:15 2106312                    /usr/lib/x86_64-linux-gnu/libstdc++.so.6.0.28
7f31d241c000-7f31d241f000 rw-p 00000000 00:00 0 
7f31d241f000-7f31d242e000 r--p 00000000 08:15 2106451                    /usr/lib/x86_64-linux-gnu/libvulkan.so.1.2.131
7f31d242e000-7f31d2460000 r-xp 0000f000 08:15 2106451                    /usr/lib/x86_64-linux-gnu/libvulkan.so.1.2.131
7f31d2460000-7f31d2473000 r--p 00041000 08:15 2106451                    /usr/lib/x86_64-linux-gnu/libvulkan.so.1.2.131
7f31d2473000-7f31d2474000 r--p 00053000 08:15 2106451                    /usr/lib/x86_64-linux-gnu/libvulkan.so.1.2.131
7f31d2474000-7f31d2475000 rw-p 00054000 08:15 2106451                    /usr/lib/x86_64-linux-gnu/libvulkan.so.1.2.131
7f31d2475000-7f31d260b000 r--p 00000000 08:15 2625324                    /usr/lib/x86_64-linux-gnu/dri/nouveau_dri.so
7f31d260b000-7f31d36b6000 r-xp 00196000 08:15 2625324                    /usr/lib/x86_64-linux-gnu/dri/nouveau_dri.so
7f31d36b6000-7f31d3b7c000 r--p 01241000 08:15 2625324                    /usr/lib/x86_64-linux-gnu/dri/nouveau_dri.so
7f31d3b7c000-7f31d3caa000 r--p 01706000 08:15 2625324                    /usr/lib/x86_64-linux-gnu/dri/nouveau_dri.so
7f31d3caa000-7f31d3de2000 rw-p 01834000 08:15 2625324                    /usr/lib/x86_64-linux-gnu/dri/nouveau_dri.so
7f31d3de2000-7f31d4000000 rw-p 00000000 00:00 0 
7f31d4000000-7f31d4021000 rw-p 00000000 00:00 0 
7f31d4021000-7f31d8000000 ---p 00000000 00:00 0 
7f31d8000000-7f31d8021000 rw-p 00000000 00:00 0 
7f31d8021000-7f31dc000000 ---p 00000000 00:00 0 
7f31dc000000-7f31dc3b5000 rw-p 00000000 00:00 0 
7f31dc3b5000-7f31e0000000 ---p 00000000 00:00 0 
7f31e0000000-7f31e0021000 rw-p 00000000 00:00 0 
7f31e0021000-7f31e4000000 ---p 00000000 00:00 0 
7f31e4000000-7f31e4021000 rw-p 00000000 00:00 0 
7f31e4021000-7f31e8000000 ---p 00000000 00:00 0 
7f31e8000000-7f31e81d5000 rw-p 00000000 00:00 0 
7f31e81d5000-7f31ec000000 ---p 00000000 00:00 0 
7f31ec000000-7f31ec021000 rw-p 00000000 00:00 0 
7f31ec021000-7f31f0000000 ---p 00000000 00:00 0 
7f31f0000000-7f31f0021000 rw-p 00000000 00:00 0 
7f31f0021000-7f31f4000000 ---p 00000000 00:00 0 
7f31f4000000-7f31f4021000 rw-p 00000000 00:00 0 
7f31f4021000-7f31f8000000 ---p 00000000 00:00 0 
7f31f8000000-7f31f8021000 rw-p 00000000 00:00 0 
7f31f8021000-7f31fc000000 ---p 00000000 00:00 0 
7f31fc000000-7f31fc021000 rw-p 00000000 00:00 0 
7f31fc021000-7f3200000000 ---p 00000000 00:00 0 
7f3200000000-7f3200021000 rw-p 00000000 00:00 0 
7f3200021000-7f3204000000 ---p 00000000 00:00 0 
7f3204000000-7f3204021000 rw-p 00000000 00:00 0 
7f3204021000-7f3208000000 ---p 00000000 00:00 0 
7f3208006000-7f3208009000 r--p 00000000 08:15 2105521                    /usr/lib/x86_64-linux-gnu/libgcc_s.so.1
7f3208009000-7f320801b000 r-xp 00003000 08:15 2105521                    /usr/lib/x86_64-linux-gnu/libgcc_s.so.1
7f320801b000-7f320801f000 r--p 00015000 08:15 2105521                    /usr/lib/x86_64-linux-gnu/libgcc_s.so.1
7f320801f000-7f3208020000 r--p 00018000 08:15 2105521                    /usr/lib/x86_64-linux-gnu/libgcc_s.so.1
7f3208020000-7f3208021000 rw-p 00019000 08:15 2105521                    /usr/lib/x86_64-linux-gnu/libgcc_s.so.1
7f3208021000-7f3208023000 r--p 00000000 08:15 2105387                    /usr/lib/x86_64-linux-gnu/libdrm_nouveau.so.2.0.0
7f3208023000-7f3208028000 r-xp 00002000 08:15 2105387                    /usr/lib/x86_64-linux-gnu/libdrm_nouveau.so.2.0.0
7f3208028000-7f320802a000 r--p 00007000 08:15 2105387                    /usr/lib/x86_64-linux-gnu/libdrm_nouveau.so.2.0.0
7f320802a000-7f320802b000 r--p 00008000 08:15 2105387                    /usr/lib/x86_64-linux-gnu/libdrm_nouveau.so.2.0.0
7f320802b000-7f320802c000 rw-p 00009000 08:15 2105387                    /usr/lib/x86_64-linux-gnu/libdrm_nouveau.so.2.0.0
7f320802c000-7f320802f000 r--p 00000000 08:15 2107676                    /usr/lib/x86_64-linux-gnu/libdrm_amdgpu.so.1.0.0
7f320802f000-7f3208034000 r-xp 00003000 08:15 2107676                    /usr/lib/x86_64-linux-gnu/libdrm_amdgpu.so.1.0.0
7f3208034000-7f3208036000 r--p 00008000 08:15 2107676                    /usr/lib/x86_64-linux-gnu/libdrm_amdgpu.so.1.0.0
7f3208036000-7f3208037000 r--p 00009000 08:15 2107676                    /usr/lib/x86_64-linux-gnu/libdrm_amdgpu.so.1.0.0
7f3208037000-7f3208038000 rw-p 0000a000 08:15 2107676                    /usr/lib/x86_64-linux-gnu/libdrm_amdgpu.so.1.0.0
7f3208038000-7f320803b000 r--p 00000000 08:15 2105419                    /usr/lib/x86_64-linux-gnu/libelf-0.176.so
7f320803b000-7f320804d000 r-xp 00003000 08:15 2105419                    /usr/lib/x86_64-linux-gnu/libelf-0.176.so
7f320804d000-7f3208052000 r--p 00015000 08:15 2105419                    /usr/lib/x86_64-linux-gnu/libelf-0.176.so
7f3208052000-7f3208053000 r--p 00019000 08:15 2105419                    /usr/lib/x86_64-linux-gnu/libelf-0.176.so
7f3208053000-7f3208054000 rw-p 0001a000 08:15 2105419                    /usr/lib/x86_64-linux-gnu/libelf-0.176.so
7f3208054000-7f3208058000 r--p 00000000 08:15 2106575                    /usr/lib/x86_64-linux-gnu/libzstd.so.1.4.4
7f3208058000-7f32080ea000 r-xp 00004000 08:15 2106575                    /usr/lib/x86_64-linux-gnu/libzstd.so.1.4.4
7f32080ea000-7f32080fb000 r--p 00096000 08:15 2106575                    /usr/lib/x86_64-linux-gnu/libzstd.so.1.4.4
7f32080fb000-7f32080fc000 r--p 000a6000 08:15 2106575                    /usr/lib/x86_64-linux-gnu/libzstd.so.1.4.4
7f32080fc000-7f32080fd000 rw-p 000a7000 08:15 2106575                    /usr/lib/x86_64-linux-gnu/libzstd.so.1.4.4
7f3208114000-7f3208121000 r-xp 00000000 08:15 2248944                    /usr/lib/jvm/java-17-oracle/lib/libverify.so
7f3208121000-7f3208123000 r--p 0000c000 08:15 2248944                    /usr/lib/jvm/java-17-oracle/lib/libverify.so
7f3208123000-7f3208124000 rw-p 0000e000 08:15 2248944                    /usr/lib/jvm/java-17-oracle/lib/libverify.so
7f3208124000-7f3208127000 r--p 00000000 08:15 2106537                    /usr/lib/x86_64-linux-gnu/libxcb-xfixes.so.0.0.0
7f3208127000-7f320812a000 r-xp 00003000 08:15 2106537                    /usr/lib/x86_64-linux-gnu/libxcb-xfixes.so.0.0.0
7f320812a000-7f320812b000 r--p 00006000 08:15 2106537                    /usr/lib/x86_64-linux-gnu/libxcb-xfixes.so.0.0.0
7f320812b000-7f320812c000 ---p 00007000 08:15 2106537                    /usr/lib/x86_64-linux-gnu/libxcb-xfixes.so.0.0.0
7f320812c000-7f320812d000 r--p 00007000 08:15 2106537                    /usr/lib/x86_64-linux-gnu/libxcb-xfixes.so.0.0.0
7f320812d000-7f320812e000 rw-p 00008000 08:15 2106537                    /usr/lib/x86_64-linux-gnu/libxcb-xfixes.so.0.0.0
7f320812e000-7f320812f000 r-xp 00000000 08:15 2106561                    /usr/lib/x86_64-linux-gnu/libxshmfence.so.1.0.0
7f320812f000-7f320832e000 ---p 00001000 08:15 2106561                    /usr/lib/x86_64-linux-gnu/libxshmfence.so.1.0.0
7f320832e000-7f320832f000 r--p 00000000 08:15 2106561                    /usr/lib/x86_64-linux-gnu/libxshmfence.so.1.0.0
7f320832f000-7f3208330000 rw-p 00001000 08:15 2106561                    /usr/lib/x86_64-linux-gnu/libxshmfence.so.1.0.0
7f3208330000-7f3208333000 r--p 00000000 08:15 2106533                    /usr/lib/x86_64-linux-gnu/libxcb-sync.so.1.0.0
7f3208333000-7f3208336000 r-xp 00003000 08:15 2106533                    /usr/lib/x86_64-linux-gnu/libxcb-sync.so.1.0.0
7f3208336000-7f3208337000 r--p 00006000 08:15 2106533                    /usr/lib/x86_64-linux-gnu/libxcb-sync.so.1.0.0
7f3208337000-7f3208338000 ---p 00007000 08:15 2106533                    /usr/lib/x86_64-linux-gnu/libxcb-sync.so.1.0.0
7f3208338000-7f3208339000 r--p 00007000 08:15 2106533                    /usr/lib/x86_64-linux-gnu/libxcb-sync.so.1.0.0
7f3208339000-7f320833a000 rw-p 00008000 08:15 2106533                    /usr/lib/x86_64-linux-gnu/libxcb-sync.so.1.0.0
7f320833a000-7f320833b000 r--p 00000000 08:15 2106519                    /usr/lib/x86_64-linux-gnu/libxcb-present.so.0.0.0
7f320833b000-7f320833c000 r-xp 00001000 08:15 2106519                    /usr/lib/x86_64-linux-gnu/libxcb-present.so.0.0.0
7f320833c000-7f320833d000 r--p 00002000 08:15 2106519                    /usr/lib/x86_64-linux-gnu/libxcb-present.so.0.0.0
7f320833d000-7f320833e000 r--p 00002000 08:15 2106519                    /usr/lib/x86_64-linux-gnu/libxcb-present.so.0.0.0
7f320833e000-7f320833f000 rw-p 00003000 08:15 2106519                    /usr/lib/x86_64-linux-gnu/libxcb-present.so.0.0.0
7f320833f000-7f3208343000 r--p 00000000 08:15 2099949                    /usr/lib/x86_64-linux-gnu/libexpat.so.1.6.11
7f3208343000-7f320835f000 r-xp 00004000 08:15 2099949                    /usr/lib/x86_64-linux-gnu/libexpat.so.1.6.11
7f320835f000-7f3208369000 r--p 00020000 08:15 2099949                    /usr/lib/x86_64-linux-gnu/libexpat.so.1.6.11
7f3208369000-7f320836a000 ---p 0002a000 08:15 2099949                    /usr/lib/x86_64-linux-gnu/libexpat.so.1.6.11
7f320836a000-7f320836c000 r--p 0002a000 08:15 2099949                    /usr/lib/x86_64-linux-gnu/libexpat.so.1.6.11
7f320836c000-7f320836d000 rw-p 0002c000 08:15 2099949                    /usr/lib/x86_64-linux-gnu/libexpat.so.1.6.11
7f320836d000-7f3208378000 r--p 00000000 08:15 2106511                    /usr/lib/x86_64-linux-gnu/libxcb-glx.so.0.0.0
7f3208378000-7f3208381000 r-xp 0000b000 08:15 2106511                    /usr/lib/x86_64-linux-gnu/libxcb-glx.so.0.0.0
7f3208381000-7f3208386000 r--p 00014000 08:15 2106511                    /usr/lib/x86_64-linux-gnu/libxcb-glx.so.0.0.0
7f3208386000-7f3208387000 ---p 00019000 08:15 2106511                    /usr/lib/x86_64-linux-gnu/libxcb-glx.so.0.0.0
7f3208387000-7f3208389000 r--p 00019000 08:15 2106511                    /usr/lib/x86_64-linux-gnu/libxcb-glx.so.0.0.0
7f3208389000-7f320838a000 rw-p 0001b000 08:15 2106511                    /usr/lib/x86_64-linux-gnu/libxcb-glx.so.0.0.0
7f320838a000-7f320838f000 r--p 00000000 08:15 2107661                    /usr/lib/x86_64-linux-gnu/libdrm.so.2.4.0
7f320838f000-7f320839a000 r-xp 00005000 08:15 2107661                    /usr/lib/x86_64-linux-gnu/libdrm.so.2.4.0
7f320839a000-7f320839e000 r--p 00010000 08:15 2107661                    /usr/lib/x86_64-linux-gnu/libdrm.so.2.4.0
7f320839e000-7f320839f000 r--p 00013000 08:15 2107661                    /usr/lib/x86_64-linux-gnu/libdrm.so.2.4.0
7f320839f000-7f32083a0000 rw-p 00014000 08:15 2107661                    /usr/lib/x86_64-linux-gnu/libdrm.so.2.4.0
7f32083a0000-7f32083ad000 r--p 00000000 08:15 2105028                    /usr/lib/x86_64-linux-gnu/libglapi.so.0.0.0
7f32083ad000-7f32083bb000 r-xp 0000d000 08:15 2105028                    /usr/lib/x86_64-linux-gnu/libglapi.so.0.0.0
7f32083bb000-7f32083d4000 r--p 0001b000 08:15 2105028                    /usr/lib/x86_64-linux-gnu/libglapi.so.0.0.0
7f32083d4000-7f32083d5000 ---p 00034000 08:15 2105028                    /usr/lib/x86_64-linux-gnu/libglapi.so.0.0.0
7f32083d5000-7f32083d9000 r--p 00034000 08:15 2105028                    /usr/lib/x86_64-linux-gnu/libglapi.so.0.0.0
7f32083d9000-7f32083da000 rw-p 00038000 08:15 2105028                    /usr/lib/x86_64-linux-gnu/libglapi.so.0.0.0
7f32083da000-7f32083db000 rw-p 00000000 00:00 0 
7f32083db000-7f32083f4000 r--p 00000000 08:15 2105023                    /usr/lib/x86_64-linux-gnu/libGLX_mesa.so.0.0.0
7f32083f4000-7f3208438000 r-xp 00019000 08:15 2105023                    /usr/lib/x86_64-linux-gnu/libGLX_mesa.so.0.0.0
7f3208438000-7f320844f000 r--p 0005d000 08:15 2105023                    /usr/lib/x86_64-linux-gnu/libGLX_mesa.so.0.0.0
7f320844f000-7f3208452000 r--p 00073000 08:15 2105023                    /usr/lib/x86_64-linux-gnu/libGLX_mesa.so.0.0.0
7f3208452000-7f3208453000 rw-p 00076000 08:15 2105023                    /usr/lib/x86_64-linux-gnu/libGLX_mesa.so.0.0.0
7f3208453000-7f3208454000 rw-p 00000000 00:00 0 
7f3208454000-7f3208457000 r--p 00000000 08:15 2103402                    /usr/lib/x86_64-linux-gnu/libGLX.so.0.0.0
7f3208457000-7f3208472000 r-xp 00003000 08:15 2103402                    /usr/lib/x86_64-linux-gnu/libGLX.so.0.0.0
7f3208472000-7f3208476000 r--p 0001e000 08:15 2103402                    /usr/lib/x86_64-linux-gnu/libGLX.so.0.0.0
7f3208476000-7f3208477000 r--p 00021000 08:15 2103402                    /usr/lib/x86_64-linux-gnu/libGLX.so.0.0.0
7f3208477000-7f3208478000 rw-p 00022000 08:15 2103402                    /usr/lib/x86_64-linux-gnu/libGLX.so.0.0.0
7f3208478000-7f3208488000 rw-p 00000000 00:00 0 
7f3208488000-7f32084c8000 r--p 00000000 08:15 2103406                    /usr/lib/x86_64-linux-gnu/libGLdispatch.so.0.0.0
7f32084c8000-7f3208507000 r-xp 00040000 08:15 2103406                    /usr/lib/x86_64-linux-gnu/libGLdispatch.so.0.0.0
7f3208507000-7f320851b000 r--p 0007f000 08:15 2103406                    /usr/lib/x86_64-linux-gnu/libGLdispatch.so.0.0.0
7f320851b000-7f3208537000 r--p 00092000 08:15 2103406                    /usr/lib/x86_64-linux-gnu/libGLdispatch.so.0.0.0
7f3208537000-7f3208538000 rw-p 000ae000 08:15 2103406                    /usr/lib/x86_64-linux-gnu/libGLdispatch.so.0.0.0
7f3208538000-7f3208540000 rw-p 00000000 00:00 0 
7f3208540000-7f3208583000 r--p 00000000 08:15 2103400                    /usr/lib/x86_64-linux-gnu/libGL.so.1.7.0
7f3208583000-7f32085a3000 r-xp 00043000 08:15 2103400                    /usr/lib/x86_64-linux-gnu/libGL.so.1.7.0
7f32085a3000-7f32085b8000 r--p 00063000 08:15 2103400                    /usr/lib/x86_64-linux-gnu/libGL.so.1.7.0
7f32085b8000-7f32085c6000 r--p 00077000 08:15 2103400                    /usr/lib/x86_64-linux-gnu/libGL.so.1.7.0
7f32085c6000-7f32085c7000 rw-p 00085000 08:15 2103400                    /usr/lib/x86_64-linux-gnu/libGL.so.1.7.0
7f32085c7000-7f32085c8000 rw-p 00000000 00:00 0 
7f32085c8000-7f32085d1000 r-xp 00000000 08:15 2105088                    /usr/lib/x86_64-linux-gnu/libXrender.so.1.3.0
7f32085d1000-7f32087d0000 ---p 00009000 08:15 2105088                    /usr/lib/x86_64-linux-gnu/libXrender.so.1.3.0
7f32087d0000-7f32087d1000 r--p 00008000 08:15 2105088                    /usr/lib/x86_64-linux-gnu/libXrender.so.1.3.0
7f32087d1000-7f32087d2000 rw-p 00009000 08:15 2105088                    /usr/lib/x86_64-linux-gnu/libXrender.so.1.3.0
7f32087d2000-7f32087ea000 r--p 00000000 08:15 2105051                    /usr/lib/x86_64-linux-gnu/libX11.so.6.3.0
7f32087ea000-7f3208875000 r-xp 00018000 08:15 2105051                    /usr/lib/x86_64-linux-gnu/libX11.so.6.3.0
7f3208875000-7f3208909000 r--p 000a3000 08:15 2105051                    /usr/lib/x86_64-linux-gnu/libX11.so.6.3.0
7f3208909000-7f320890a000 ---p 00137000 08:15 2105051                    /usr/lib/x86_64-linux-gnu/libX11.so.6.3.0
7f320890a000-7f320890b000 r--p 00137000 08:15 2105051                    /usr/lib/x86_64-linux-gnu/libX11.so.6.3.0
7f320890b000-7f320890f000 rw-p 00138000 08:15 2105051                    /usr/lib/x86_64-linux-gnu/libX11.so.6.3.0
7f320890f000-7f3208966000 r-xp 00000000 08:15 1050603                    /tmp/lwjglcryptigo/3.3.1-build-7/libglfw.so
7f3208966000-7f3208b65000 ---p 00057000 08:15 1050603                    /tmp/lwjglcryptigo/3.3.1-build-7/libglfw.so
7f3208b65000-7f3208b68000 r--p 00056000 08:15 1050603                    /tmp/lwjglcryptigo/3.3.1-build-7/libglfw.so
7f3208b68000-7f3208b6a000 rw-p 00059000 08:15 1050603                    /tmp/lwjglcryptigo/3.3.1-build-7/libglfw.so
7f3208b6a000-7f3208b8d000 rw-p 00000000 00:00 0 
7f3208b8d000-7f3208bf8000 r-xp 00000000 08:15 1050602                    /tmp/lwjglcryptigo/3.3.1-build-7/liblwjgl.so
7f3208bf8000-7f3208df7000 ---p 0006b000 08:15 1050602                    /tmp/lwjglcryptigo/3.3.1-build-7/liblwjgl.so
7f3208df7000-7f3208df8000 r--p 0006a000 08:15 1050602                    /tmp/lwjglcryptigo/3.3.1-build-7/liblwjgl.so
7f3208df8000-7f3208df9000 rw-p 0006b000 08:15 1050602                    /tmp/lwjglcryptigo/3.3.1-build-7/liblwjgl.so
7f3208df9000-7f3208dfd000 ---p 00000000 00:00 0 
7f3208dfd000-7f3208efa000 rw-p 00000000 00:00 0 
7f3208efa000-7f3208efb000 ---p 00000000 00:00 0 
7f3208efb000-7f3208ffc000 rw-p 00000000 00:00 0 
7f3208ffc000-7f3209000000 ---p 00000000 00:00 0 
7f3209000000-7f32090fd000 rw-p 00000000 00:00 0 
7f32090fd000-7f3209101000 ---p 00000000 00:00 0 
7f3209101000-7f32091fe000 rw-p 00000000 00:00 0 
7f32091fe000-7f3209202000 ---p 00000000 00:00 0 
7f3209202000-7f32092ff000 rw-p 00000000 00:00 0 
7f32092ff000-7f3209303000 ---p 00000000 00:00 0 
7f3209303000-7f3209530000 rw-p 00000000 00:00 0 
7f3209530000-7f3209800000 ---p 00000000 00:00 0 
7f3209800000-7f3209920000 rw-p 00000000 00:00 0 
7f3209920000-7f3209960000 rw-p 00000000 00:00 0 
7f3209960000-7f3209a70000 rw-p 00000000 00:00 0 
7f3209a70000-7f3209c00000 ---p 00000000 00:00 0 
7f3209c01000-7f3209c03000 r--p 00000000 08:15 2106509                    /usr/lib/x86_64-linux-gnu/libxcb-dri3.so.0.0.0
7f3209c03000-7f3209c04000 r-xp 00002000 08:15 2106509                    /usr/lib/x86_64-linux-gnu/libxcb-dri3.so.0.0.0
7f3209c04000-7f3209c05000 r--p 00003000 08:15 2106509                    /usr/lib/x86_64-linux-gnu/libxcb-dri3.so.0.0.0
7f3209c05000-7f3209c06000 r--p 00003000 08:15 2106509                    /usr/lib/x86_64-linux-gnu/libxcb-dri3.so.0.0.0
7f3209c06000-7f3209c07000 rw-p 00004000 08:15 2106509                    /usr/lib/x86_64-linux-gnu/libxcb-dri3.so.0.0.0
7f3209c07000-7f3209c08000 r--p 00000000 08:15 2106531                    /usr/lib/x86_64-linux-gnu/libxcb-shm.so.0.0.0
7f3209c08000-7f3209c09000 r-xp 00001000 08:15 2106531                    /usr/lib/x86_64-linux-gnu/libxcb-shm.so.0.0.0
7f3209c09000-7f3209c0a000 r--p 00002000 08:15 2106531                    /usr/lib/x86_64-linux-gnu/libxcb-shm.so.0.0.0
7f3209c0a000-7f3209c0b000 r--p 00002000 08:15 2106531                    /usr/lib/x86_64-linux-gnu/libxcb-shm.so.0.0.0
7f3209c0b000-7f3209c0c000 rw-p 00003000 08:15 2106531                    /usr/lib/x86_64-linux-gnu/libxcb-shm.so.0.0.0
7f3209c0c000-7f3209c0e000 r--p 00000000 08:15 2106507                    /usr/lib/x86_64-linux-gnu/libxcb-dri2.so.0.0.0
7f3209c0e000-7f3209c10000 r-xp 00002000 08:15 2106507                    /usr/lib/x86_64-linux-gnu/libxcb-dri2.so.0.0.0
7f3209c10000-7f3209c11000 r--p 00004000 08:15 2106507                    /usr/lib/x86_64-linux-gnu/libxcb-dri2.so.0.0.0
7f3209c11000-7f3209c12000 r--p 00004000 08:15 2106507                    /usr/lib/x86_64-linux-gnu/libxcb-dri2.so.0.0.0
7f3209c12000-7f3209c13000 rw-p 00005000 08:15 2106507                    /usr/lib/x86_64-linux-gnu/libxcb-dri2.so.0.0.0
7f3209c13000-7f3209c14000 r--p 00000000 08:15 2105049                    /usr/lib/x86_64-linux-gnu/libX11-xcb.so.1.0.0
7f3209c14000-7f3209c15000 r-xp 00001000 08:15 2105049                    /usr/lib/x86_64-linux-gnu/libX11-xcb.so.1.0.0
7f3209c15000-7f3209c16000 r--p 00002000 08:15 2105049                    /usr/lib/x86_64-linux-gnu/libX11-xcb.so.1.0.0
7f3209c16000-7f3209c17000 r--p 00002000 08:15 2105049                    /usr/lib/x86_64-linux-gnu/libX11-xcb.so.1.0.0
7f3209c17000-7f3209c18000 rw-p 00003000 08:15 2105049                    /usr/lib/x86_64-linux-gnu/libX11-xcb.so.1.0.0
7f3209c18000-7f3209c1a000 r--p 00000000 08:15 2105070                    /usr/lib/x86_64-linux-gnu/libXfixes.so.3.1.0
7f3209c1a000-7f3209c1d000 r-xp 00002000 08:15 2105070                    /usr/lib/x86_64-linux-gnu/libXfixes.so.3.1.0
7f3209c1d000-7f3209c1e000 r--p 00005000 08:15 2105070                    /usr/lib/x86_64-linux-gnu/libXfixes.so.3.1.0
7f3209c1e000-7f3209c1f000 r--p 00005000 08:15 2105070                    /usr/lib/x86_64-linux-gnu/libXfixes.so.3.1.0
7f3209c1f000-7f3209c20000 rw-p 00006000 08:15 2105070                    /usr/lib/x86_64-linux-gnu/libXfixes.so.3.1.0
7f3209c20000-7f3209c23000 r--p 00000000 08:15 2105062                    /usr/lib/x86_64-linux-gnu/libXcursor.so.1.0.2
7f3209c23000-7f3209c29000 r-xp 00003000 08:15 2105062                    /usr/lib/x86_64-linux-gnu/libXcursor.so.1.0.2
7f3209c29000-7f3209c2b000 r--p 00009000 08:15 2105062                    /usr/lib/x86_64-linux-gnu/libXcursor.so.1.0.2
7f3209c2b000-7f3209c2c000 r--p 0000a000 08:15 2105062                    /usr/lib/x86_64-linux-gnu/libXcursor.so.1.0.2
7f3209c2c000-7f3209c2d000 rw-p 0000b000 08:15 2105062                    /usr/lib/x86_64-linux-gnu/libXcursor.so.1.0.2
7f3209c2d000-7f3209c2f000 r--p 00000000 08:15 2105086                    /usr/lib/x86_64-linux-gnu/libXrandr.so.2.2.0
7f3209c2f000-7f3209c36000 r-xp 00002000 08:15 2105086                    /usr/lib/x86_64-linux-gnu/libXrandr.so.2.2.0
7f3209c36000-7f3209c38000 r--p 00009000 08:15 2105086                    /usr/lib/x86_64-linux-gnu/libXrandr.so.2.2.0
7f3209c38000-7f3209c39000 r--p 0000a000 08:15 2105086                    /usr/lib/x86_64-linux-gnu/libXrandr.so.2.2.0
7f3209c39000-7f3209c3a000 rw-p 0000b000 08:15 2105086                    /usr/lib/x86_64-linux-gnu/libXrandr.so.2.2.0
7f3209c3a000-7f3209c3c000 r--p 00000000 08:15 2105076                    /usr/lib/x86_64-linux-gnu/libXi.so.6.1.0
7f3209c3c000-7f3209c47000 r-xp 00002000 08:15 2105076                    /usr/lib/x86_64-linux-gnu/libXi.so.6.1.0
7f3209c47000-7f3209c4a000 r--p 0000d000 08:15 2105076                    /usr/lib/x86_64-linux-gnu/libXi.so.6.1.0
7f3209c4a000-7f3209c4b000 r--p 0000f000 08:15 2105076                    /usr/lib/x86_64-linux-gnu/libXi.so.6.1.0
7f3209c4b000-7f3209c4c000 rw-p 00010000 08:15 2105076                    /usr/lib/x86_64-linux-gnu/libXi.so.6.1.0
7f3209c4c000-7f3209c50000 r--p 00000000 08:15 2105068                    /usr/lib/x86_64-linux-gnu/libXext.so.6.4.0
7f3209c50000-7f3209c5b000 r-xp 00004000 08:15 2105068                    /usr/lib/x86_64-linux-gnu/libXext.so.6.4.0
7f3209c5b000-7f3209c5f000 r--p 0000f000 08:15 2105068                    /usr/lib/x86_64-linux-gnu/libXext.so.6.4.0
7f3209c5f000-7f3209c60000 r--p 00012000 08:15 2105068                    /usr/lib/x86_64-linux-gnu/libXext.so.6.4.0
7f3209c60000-7f3209c61000 rw-p 00013000 08:15 2105068                    /usr/lib/x86_64-linux-gnu/libXext.so.6.4.0
7f3209c61000-7f3209c65000 r--p 00000000 08:15 2105222                    /usr/lib/x86_64-linux-gnu/libbsd.so.0.10.0
7f3209c65000-7f3209c74000 r-xp 00004000 08:15 2105222                    /usr/lib/x86_64-linux-gnu/libbsd.so.0.10.0
7f3209c74000-7f3209c77000 r--p 00013000 08:15 2105222                    /usr/lib/x86_64-linux-gnu/libbsd.so.0.10.0
7f3209c77000-7f3209c78000 ---p 00016000 08:15 2105222                    /usr/lib/x86_64-linux-gnu/libbsd.so.0.10.0
7f3209c78000-7f3209c79000 r--p 00016000 08:15 2105222                    /usr/lib/x86_64-linux-gnu/libbsd.so.0.10.0
7f3209c79000-7f3209c7a000 rw-p 00017000 08:15 2105222                    /usr/lib/x86_64-linux-gnu/libbsd.so.0.10.0
7f3209c7a000-7f3209c7b000 rw-p 00000000 00:00 0 
7f3209c7b000-7f3209c86000 r--p 00000000 08:15 2106543                    /usr/lib/x86_64-linux-gnu/libxcb.so.1.1.0
7f3209c86000-7f3209c9a000 r-xp 0000b000 08:15 2106543                    /usr/lib/x86_64-linux-gnu/libxcb.so.1.1.0
7f3209c9a000-7f3209ca3000 r--p 0001f000 08:15 2106543                    /usr/lib/x86_64-linux-gnu/libxcb.so.1.1.0
7f3209ca3000-7f3209ca4000 r--p 00027000 08:15 2106543                    /usr/lib/x86_64-linux-gnu/libxcb.so.1.1.0
7f3209ca4000-7f3209ca5000 rw-p 00028000 08:15 2106543                    /usr/lib/x86_64-linux-gnu/libxcb.so.1.1.0
7f3209ca5000-7f3209ca7000 r--p 00000000 08:15 2105383                    /usr/lib/x86_64-linux-gnu/libdrm_radeon.so.1.0.1
7f3209ca7000-7f3209cae000 r-xp 00002000 08:15 2105383                    /usr/lib/x86_64-linux-gnu/libdrm_radeon.so.1.0.1
7f3209cae000-7f3209cb2000 r--p 00009000 08:15 2105383                    /usr/lib/x86_64-linux-gnu/libdrm_radeon.so.1.0.1
7f3209cb2000-7f3209cb3000 r--p 0000c000 08:15 2105383                    /usr/lib/x86_64-linux-gnu/libdrm_radeon.so.1.0.1
7f3209cb3000-7f3209cb4000 rw-p 0000d000 08:15 2105383                    /usr/lib/x86_64-linux-gnu/libdrm_radeon.so.1.0.1
7f3209cb4000-7f3209cb7000 r--p 00000000 08:15 2147600                    /usr/lib/x86_64-linux-gnu/libsensors.so.5.0.0
7f3209cb7000-7f3209cbe000 r-xp 00003000 08:15 2147600                    /usr/lib/x86_64-linux-gnu/libsensors.so.5.0.0
7f3209cbe000-7f3209cc3000 r--p 0000a000 08:15 2147600                    /usr/lib/x86_64-linux-gnu/libsensors.so.5.0.0
7f3209cc3000-7f3209cc4000 r--p 0000e000 08:15 2147600                    /usr/lib/x86_64-linux-gnu/libsensors.so.5.0.0
7f3209cc4000-7f3209cc5000 rw-p 0000f000 08:15 2147600                    /usr/lib/x86_64-linux-gnu/libsensors.so.5.0.0
7f3209cc5000-7f3209ccc000 r--s 00000000 08:15 2626612                    /usr/lib/x86_64-linux-gnu/gconv/gconv-modules.cache
7f3209ccc000-7f3209cfd000 rw-p 00000000 00:00 0 
7f3209cfd000-7f3209d01000 ---p 00000000 00:00 0 
7f3209d01000-7f3209dfe000 rw-p 00000000 00:00 0 
7f3209dfe000-7f3209e02000 ---p 00000000 00:00 0 
7f3209e02000-7f3209eff000 rw-p 00000000 00:00 0 
7f3209eff000-7f3209f03000 ---p 00000000 00:00 0 
7f3209f03000-7f320c000000 rw-p 00000000 00:00 0 
7f320c000000-7f320c021000 rw-p 00000000 00:00 0 
7f320c021000-7f3210000000 ---p 00000000 00:00 0 
7f3210000000-7f3210021000 rw-p 00000000 00:00 0 
7f3210021000-7f3214000000 ---p 00000000 00:00 0 
7f3214000000-7f3214021000 rw-p 00000000 00:00 0 
7f3214021000-7f3218000000 ---p 00000000 00:00 0 
7f3218002000-7f3218003000 r--p 00000000 08:15 2105104                    /usr/lib/x86_64-linux-gnu/libXxf86vm.so.1.0.0
7f3218003000-7f3218006000 r-xp 00001000 08:15 2105104                    /usr/lib/x86_64-linux-gnu/libXxf86vm.so.1.0.0
7f3218006000-7f3218007000 r--p 00004000 08:15 2105104                    /usr/lib/x86_64-linux-gnu/libXxf86vm.so.1.0.0
7f3218007000-7f3218008000 r--p 00004000 08:15 2105104                    /usr/lib/x86_64-linux-gnu/libXxf86vm.so.1.0.0
7f3218008000-7f3218009000 rw-p 00005000 08:15 2105104                    /usr/lib/x86_64-linux-gnu/libXxf86vm.so.1.0.0
7f3218009000-7f321800b000 r--p 00000000 08:15 2105066                    /usr/lib/x86_64-linux-gnu/libXdmcp.so.6.0.0
7f321800b000-7f321800d000 r-xp 00002000 08:15 2105066                    /usr/lib/x86_64-linux-gnu/libXdmcp.so.6.0.0
7f321800d000-7f321800f000 r--p 00004000 08:15 2105066                    /usr/lib/x86_64-linux-gnu/libXdmcp.so.6.0.0
7f321800f000-7f3218010000 r--p 00005000 08:15 2105066                    /usr/lib/x86_64-linux-gnu/libXdmcp.so.6.0.0
7f3218010000-7f3218011000 rw-p 00006000 08:15 2105066                    /usr/lib/x86_64-linux-gnu/libXdmcp.so.6.0.0
7f3218011000-7f3218026000 r-xp 00000000 08:15 2248935                    /usr/lib/jvm/java-17-oracle/lib/libnet.so
7f3218026000-7f3218027000 ---p 00015000 08:15 2248935                    /usr/lib/jvm/java-17-oracle/lib/libnet.so
7f3218027000-7f3218028000 r--p 00015000 08:15 2248935                    /usr/lib/jvm/java-17-oracle/lib/libnet.so
7f3218028000-7f3218029000 rw-p 00016000 08:15 2248935                    /usr/lib/jvm/java-17-oracle/lib/libnet.so
7f3218029000-7f321803c000 r-xp 00000000 08:15 2248936                    /usr/lib/jvm/java-17-oracle/lib/libnio.so
7f321803c000-7f321803d000 r--p 00012000 08:15 2248936                    /usr/lib/jvm/java-17-oracle/lib/libnio.so
7f321803d000-7f321803e000 rw-p 00013000 08:15 2248936                    /usr/lib/jvm/java-17-oracle/lib/libnio.so
7f321803e000-7f32185ae000 r--p 00000000 08:15 2099907                    /usr/lib/locale/locale-archive
7f32185ae000-7f32185b2000 ---p 00000000 00:00 0 
7f32185b2000-7f32186af000 rw-p 00000000 00:00 0 
7f32186af000-7f32186b3000 ---p 00000000 00:00 0 
7f32186b3000-7f32187b0000 rw-p 00000000 00:00 0 
7f32187b0000-7f32187b1000 ---p 00000000 00:00 0 
7f32187b1000-7f32188b2000 rw-p 00000000 00:00 0 
7f32188b2000-7f3218980000 r-xp 00000000 08:15 2248942                    /usr/lib/jvm/java-17-oracle/lib/libsvml.so
7f3218980000-7f3218981000 r--p 000cd000 08:15 2248942                    /usr/lib/jvm/java-17-oracle/lib/libsvml.so
7f3218981000-7f3218982000 rw-p 000ce000 08:15 2248942                    /usr/lib/jvm/java-17-oracle/lib/libsvml.so
7f3218982000-7f3218a5e000 rw-p 00000000 00:00 0 
7f3218a5e000-7f3218a5f000 ---p 00000000 00:00 0 
7f3218a5f000-7f3218b60000 rw-p 00000000 00:00 0 
7f3218b60000-7f3218b61000 ---p 00000000 00:00 0 
7f3218b61000-7f3219268000 rw-p 00000000 00:00 0 
7f3219268000-7f3219269000 ---p 00000000 00:00 0 
7f3219269000-7f321936a000 rw-p 00000000 00:00 0 
7f321936a000-7f321936b000 ---p 00000000 00:00 0 
7f321936b000-7f321946c000 rw-p 00000000 00:00 0 
7f321946c000-7f321946d000 ---p 00000000 00:00 0 
7f321946d000-7f32197de000 rw-p 00000000 00:00 0 
7f32197de000-7f321b4b6000 ---p 00000000 00:00 0 
7f321b4b6000-7f321b6ae000 rw-p 00000000 00:00 0 
7f321b6ae000-7f321d386000 ---p 00000000 00:00 0 
7f321d386000-7f321d3cc000 rw-p 00000000 00:00 0 
7f321d3cc000-7f321d767000 ---p 00000000 00:00 0 
7f321d767000-7f321d768000 rw-p 00000000 00:00 0 
7f321d768000-7f321d9d8000 rwxp 00000000 00:00 0 
7f321d9d8000-7f321dcf9000 ---p 00000000 00:00 0 
7f321dcf9000-7f321df69000 rwxp 00000000 00:00 0 
7f321df69000-7f3225230000 ---p 00000000 00:00 0 
7f3225230000-7f32254a0000 rwxp 00000000 00:00 0 
7f32254a0000-7f322c768000 ---p 00000000 00:00 0 
7f322c768000-7f3234000000 r--s 00000000 08:15 2248946                    /usr/lib/jvm/java-17-oracle/lib/modules
7f3234000000-7f3234b71000 rw-p 00000000 00:00 0 
7f3234b71000-7f3238000000 ---p 00000000 00:00 0 
7f3238000000-7f3238001000 r--p 00000000 08:15 2105078                    /usr/lib/x86_64-linux-gnu/libXinerama.so.1.0.0
7f3238001000-7f3238002000 r-xp 00001000 08:15 2105078                    /usr/lib/x86_64-linux-gnu/libXinerama.so.1.0.0
7f3238002000-7f3238003000 r--p 00002000 08:15 2105078                    /usr/lib/x86_64-linux-gnu/libXinerama.so.1.0.0
7f3238003000-7f3238004000 r--p 00002000 08:15 2105078                    /usr/lib/x86_64-linux-gnu/libXinerama.so.1.0.0
7f3238004000-7f3238005000 rw-p 00003000 08:15 2105078                    /usr/lib/x86_64-linux-gnu/libXinerama.so.1.0.0
7f3238005000-7f3238084000 rw-p 00000000 00:00 0 
7f3238084000-7f323841f000 ---p 00000000 00:00 0 
7f323841f000-7f323845e000 rw-p 00000000 00:00 0 
7f323845e000-7f32387f9000 ---p 00000000 00:00 0 
7f32387f9000-7f3238e05000 rw-p 00000000 00:00 0 
7f3238e05000-7f3238eeb000 ---p 00000000 00:00 0 
7f3238eeb000-7f3238ef0000 rw-p 00000000 00:00 0 
7f3238ef0000-7f3238fd6000 ---p 00000000 00:00 0 
7f3238fd6000-7f3238ffa000 r-xp 00000000 08:15 2248922                    /usr/lib/jvm/java-17-oracle/lib/libjava.so
7f3238ffa000-7f3238ffb000 ---p 00024000 08:15 2248922                    /usr/lib/jvm/java-17-oracle/lib/libjava.so
7f3238ffb000-7f3238ffc000 r--p 00024000 08:15 2248922                    /usr/lib/jvm/java-17-oracle/lib/libjava.so
7f3238ffc000-7f3238ffd000 rw-p 00025000 08:15 2248922                    /usr/lib/jvm/java-17-oracle/lib/libjava.so
7f3238ffd000-7f3238ffe000 rw-p 00000000 00:00 0 
7f3238ffe000-7f3239001000 r--p 00000000 08:15 2099439                    /usr/lib/x86_64-linux-gnu/libnss_files-2.31.so
7f3239001000-7f3239008000 r-xp 00003000 08:15 2099439                    /usr/lib/x86_64-linux-gnu/libnss_files-2.31.so
7f3239008000-7f323900a000 r--p 0000a000 08:15 2099439                    /usr/lib/x86_64-linux-gnu/libnss_files-2.31.so
7f323900a000-7f323900b000 r--p 0000b000 08:15 2099439                    /usr/lib/x86_64-linux-gnu/libnss_files-2.31.so
7f323900b000-7f323900c000 rw-p 0000c000 08:15 2099439                    /usr/lib/x86_64-linux-gnu/libnss_files-2.31.so
7f323900c000-7f3239012000 rw-p 00000000 00:00 0 
7f3239014000-7f3239015000 rw-s 00000000 00:01 2300225                    /memfd:xshmfence (deleted)
7f3239015000-7f3239016000 r--p 00000000 08:15 2105055                    /usr/lib/x86_64-linux-gnu/libXau.so.6.0.0
7f3239016000-7f3239018000 r-xp 00001000 08:15 2105055                    /usr/lib/x86_64-linux-gnu/libXau.so.6.0.0
7f3239018000-7f3239019000 r--p 00003000 08:15 2105055                    /usr/lib/x86_64-linux-gnu/libXau.so.6.0.0
7f3239019000-7f323901a000 r--p 00003000 08:15 2105055                    /usr/lib/x86_64-linux-gnu/libXau.so.6.0.0
7f323901a000-7f323901b000 rw-p 00004000 08:15 2105055                    /usr/lib/x86_64-linux-gnu/libXau.so.6.0.0
7f323901b000-7f3239022000 r-xp 00000000 08:15 2248945                    /usr/lib/jvm/java-17-oracle/lib/libzip.so
7f3239022000-7f3239023000 ---p 00007000 08:15 2248945                    /usr/lib/jvm/java-17-oracle/lib/libzip.so
7f3239023000-7f3239024000 r--p 00007000 08:15 2248945                    /usr/lib/jvm/java-17-oracle/lib/libzip.so
7f3239024000-7f3239025000 rw-p 00008000 08:15 2248945                    /usr/lib/jvm/java-17-oracle/lib/libzip.so
7f3239025000-7f323902a000 rw-p 00000000 00:00 0 
7f323902a000-7f3239031000 ---p 00000000 00:00 0 
7f3239031000-7f3239039000 rw-s 00000000 08:15 1048816                    /tmp/hsperfdata_cryptigo/25783
7f3239039000-7f323903d000 ---p 00000000 00:00 0 
7f323903d000-7f323913a000 rw-p 00000000 00:00 0 
7f323913a000-7f3239147000 r--p 00000000 08:15 2099433                    /usr/lib/x86_64-linux-gnu/libm-2.31.so
7f3239147000-7f32391ee000 r-xp 0000d000 08:15 2099433                    /usr/lib/x86_64-linux-gnu/libm-2.31.so
7f32391ee000-7f3239287000 r--p 000b4000 08:15 2099433                    /usr/lib/x86_64-linux-gnu/libm-2.31.so
7f3239287000-7f3239288000 r--p 0014c000 08:15 2099433                    /usr/lib/x86_64-linux-gnu/libm-2.31.so
7f3239288000-7f3239289000 rw-p 0014d000 08:15 2099433                    /usr/lib/x86_64-linux-gnu/libm-2.31.so
7f3239289000-7f323928b000 r--p 00000000 08:15 2099446                    /usr/lib/x86_64-linux-gnu/librt-2.31.so
7f323928b000-7f323928f000 r-xp 00002000 08:15 2099446                    /usr/lib/x86_64-linux-gnu/librt-2.31.so
7f323928f000-7f3239291000 r--p 00006000 08:15 2099446                    /usr/lib/x86_64-linux-gnu/librt-2.31.so
7f3239291000-7f3239292000 r--p 00007000 08:15 2099446                    /usr/lib/x86_64-linux-gnu/librt-2.31.so
7f3239292000-7f3239293000 rw-p 00008000 08:15 2099446                    /usr/lib/x86_64-linux-gnu/librt-2.31.so
7f3239293000-7f323a3ba000 r-xp 00000000 08:15 2248958                    /usr/lib/jvm/java-17-oracle/lib/server/libjvm.so
7f323a3ba000-7f323a46f000 r--p 01126000 08:15 2248958                    /usr/lib/jvm/java-17-oracle/lib/server/libjvm.so
7f323a46f000-7f323a4a2000 rw-p 011db000 08:15 2248958                    /usr/lib/jvm/java-17-oracle/lib/server/libjvm.so
7f323a4a2000-7f323a4fe000 rw-p 00000000 00:00 0 
7f323a4fe000-7f323a520000 r--p 00000000 08:15 2099423                    /usr/lib/x86_64-linux-gnu/libc-2.31.so
7f323a520000-7f323a698000 r-xp 00022000 08:15 2099423                    /usr/lib/x86_64-linux-gnu/libc-2.31.so
7f323a698000-7f323a6e6000 r--p 0019a000 08:15 2099423                    /usr/lib/x86_64-linux-gnu/libc-2.31.so
7f323a6e6000-7f323a6ea000 r--p 001e7000 08:15 2099423                    /usr/lib/x86_64-linux-gnu/libc-2.31.so
7f323a6ea000-7f323a6ec000 rw-p 001eb000 08:15 2099423                    /usr/lib/x86_64-linux-gnu/libc-2.31.so
7f323a6ec000-7f323a6f0000 rw-p 00000000 00:00 0 
7f323a6f0000-7f323a6f1000 r--p 00000000 08:15 2099432                    /usr/lib/x86_64-linux-gnu/libdl-2.31.so
7f323a6f1000-7f323a6f3000 r-xp 00001000 08:15 2099432                    /usr/lib/x86_64-linux-gnu/libdl-2.31.so
7f323a6f3000-7f323a6f4000 r--p 00003000 08:15 2099432                    /usr/lib/x86_64-linux-gnu/libdl-2.31.so
7f323a6f4000-7f323a6f5000 r--p 00003000 08:15 2099432                    /usr/lib/x86_64-linux-gnu/libdl-2.31.so
7f323a6f5000-7f323a6f6000 rw-p 00004000 08:15 2099432                    /usr/lib/x86_64-linux-gnu/libdl-2.31.so
7f323a6f6000-7f323a6fc000 r--p 00000000 08:15 2099444                    /usr/lib/x86_64-linux-gnu/libpthread-2.31.so
7f323a6fc000-7f323a70d000 r-xp 00006000 08:15 2099444                    /usr/lib/x86_64-linux-gnu/libpthread-2.31.so
7f323a70d000-7f323a713000 r--p 00017000 08:15 2099444                    /usr/lib/x86_64-linux-gnu/libpthread-2.31.so
7f323a713000-7f323a714000 r--p 0001c000 08:15 2099444                    /usr/lib/x86_64-linux-gnu/libpthread-2.31.so
7f323a714000-7f323a715000 rw-p 0001d000 08:15 2099444                    /usr/lib/x86_64-linux-gnu/libpthread-2.31.so
7f323a715000-7f323a719000 rw-p 00000000 00:00 0 
7f323a719000-7f323a728000 r-xp 00000000 08:15 2248927                    /usr/lib/jvm/java-17-oracle/lib/libjli.so
7f323a728000-7f323a729000 r--p 0000e000 08:15 2248927                    /usr/lib/jvm/java-17-oracle/lib/libjli.so
7f323a729000-7f323a72a000 rw-p 0000f000 08:15 2248927                    /usr/lib/jvm/java-17-oracle/lib/libjli.so
7f323a72a000-7f323a72c000 r--p 00000000 08:15 2097276                    /usr/lib/x86_64-linux-gnu/libz.so.1.2.11
7f323a72c000-7f323a73d000 r-xp 00002000 08:15 2097276                    /usr/lib/x86_64-linux-gnu/libz.so.1.2.11
7f323a73d000-7f323a743000 r--p 00013000 08:15 2097276                    /usr/lib/x86_64-linux-gnu/libz.so.1.2.11
7f323a743000-7f323a744000 ---p 00019000 08:15 2097276                    /usr/lib/x86_64-linux-gnu/libz.so.1.2.11
7f323a744000-7f323a745000 r--p 00019000 08:15 2097276                    /usr/lib/x86_64-linux-gnu/libz.so.1.2.11
7f323a745000-7f323a746000 rw-p 0001a000 08:15 2097276                    /usr/lib/x86_64-linux-gnu/libz.so.1.2.11
7f323a746000-7f323a748000 rw-p 00000000 00:00 0 
7f323a748000-7f323a749000 rw-s 00000000 00:01 2300222                    /memfd:xshmfence (deleted)
7f323a749000-7f323a74a000 rwxp 00000000 00:00 0 
7f323a74a000-7f323a74b000 rw-s 10f835000 00:05 601                       /dev/dri/card0
7f323a74b000-7f323a74c000 rw-p 00000000 00:00 0 
7f323a74c000-7f323a74d000 r-xp 00053000 08:15 1050602                    /tmp/lwjglcryptigo/3.3.1-build-7/liblwjgl.so
7f323a74d000-7f323a74e000 rw-p 00000000 00:00 0 
7f323a74e000-7f323a74f000 ---p 00000000 00:00 0 
7f323a74f000-7f323a750000 r--p 00000000 00:00 0 
7f323a750000-7f323a76b000 r-xp 00000000 08:15 2248926                    /usr/lib/jvm/java-17-oracle/lib/libjimage.so
7f323a76b000-7f323a76c000 ---p 0001b000 08:15 2248926                    /usr/lib/jvm/java-17-oracle/lib/libjimage.so
7f323a76c000-7f323a76e000 r--p 0001b000 08:15 2248926                    /usr/lib/jvm/java-17-oracle/lib/libjimage.so
7f323a76e000-7f323a76f000 rw-p 0001d000 08:15 2248926                    /usr/lib/jvm/java-17-oracle/lib/libjimage.so
7f323a76f000-7f323a770000 r--p 00000000 08:15 2099419                    /usr/lib/x86_64-linux-gnu/ld-2.31.so
7f323a770000-7f323a793000 r-xp 00001000 08:15 2099419                    /usr/lib/x86_64-linux-gnu/ld-2.31.so
7f323a793000-7f323a79b000 r--p 00024000 08:15 2099419                    /usr/lib/x86_64-linux-gnu/ld-2.31.so
7f323a79b000-7f323a79c000 ---p 00000000 00:00 0 
7f323a79c000-7f323a79d000 r--p 0002c000 08:15 2099419                    /usr/lib/x86_64-linux-gnu/ld-2.31.so
7f323a79d000-7f323a79e000 rw-p 0002d000 08:15 2099419                    /usr/lib/x86_64-linux-gnu/ld-2.31.so
7f323a79e000-7f323a79f000 rw-p 00000000 00:00 0 
7ffdef04f000-7ffdef071000 rw-p 00000000 00:00 0                          [stack]
7ffdef0d8000-7ffdef0dc000 r--p 00000000 00:00 0                          [vvar]
7ffdef0dc000-7ffdef0de000 r-xp 00000000 00:00 0                          [vdso]
ffffffffff600000-ffffffffff601000 --xp 00000000 00:00 0                  [vsyscall]


VM Arguments:
jvm_args: -Dfile.encoding=UTF-8 -Duser.country=CA -Duser.language=en -Duser.variant 
java_command: Main
java_class_path (initial): /home/cryptigo/IdeaProjects/lwjgl/lemon-engine/build/classes/java/main:/home/cryptigo/IdeaProjects/lwjgl/lemon-engine/build/resources/main:/home/cryptigo/.gradle/caches/modules-2/files-2.1/org.lwjgl/lwjgl-assimp/3.3.1/312072f451794f25670aebb0160ce6ec88aff842/lwjgl-assimp-3.3.1.jar:/home/cryptigo/.gradle/caches/modules-2/files-2.1/org.lwjgl/lwjgl-assimp/3.3.1/79fdb4d7fc27bc61579eb3803c8c389b8e57af1f/lwjgl-assimp-3.3.1-natives-linux.jar:/home/cryptigo/.gradle/caches/modules-2/files-2.1/org.lwjgl/lwjgl-glfw/3.3.1/cbac1b8d30cb4795149c1ef540f912671a8616d0/lwjgl-glfw-3.3.1.jar:/home/cryptigo/.gradle/caches/modules-2/files-2.1/org.lwjgl/lwjgl-glfw/3.3.1/81716978214ecbda15050ca394b06ef61501a49e/lwjgl-glfw-3.3.1-natives-linux.jar:/home/cryptigo/.gradle/caches/modules-2/files-2.1/org.lwjgl/lwjgl-nfd/3.3.1/622318116996ddcff449b46cb38f0fdee39b8ac3/lwjgl-nfd-3.3.1.jar:/home/cryptigo/.gradle/caches/modules-2/files-2.1/org.lwjgl/lwjgl-nfd/3.3.1/2e007667e04ed3281152ae5c6e677fb1c2211691/lwjgl-nfd-3.3.1-natives-linux.jar:/home/cryptigo/.gradle/caches/modules-2/files-2.1/org.lwjgl/lwjgl-openal/3.3.1/2623a6b8ae1dfcd880738656a9f0243d2e6840bd/lwjgl-openal-3.3.1.jar:/home/cryptigo/.gradle/caches/modules-2/files-2.1/org.lwjgl/lwjgl-openal/3.3.1/f906b6439f6daa66001182ea7727e3467a93681b/lwjgl-openal-3.3.1-natives-linux.jar:/home/cryptigo/.gradle/caches/modules-2/files-2.1/org.lwjgl/lwjgl-opengl/3.3.1/831a5533a21a5f4f81bbc51bb13e9899319b5411/lwjgl-opengl-3.3.1.jar:/home/cryptigo/.gradle/caches/modules-2/files-2.1/org.lwjgl/lwjgl-opengl/3.3.1/ab9ab6fde3743e3550fa5d46d785ecb45b047d99/lwjgl-opengl-3.3.1-natives-linux.jar:/home/cryptigo/.gradle/caches/modules-2/files-2.1/org.lwjgl/lwjgl-stb/3.3.1/b119297cf8ed01f247abe8685857f8e7fcf5980f/lwjgl-stb-3.3.1.jar:/home/cryptigo/.gradle/caches/modules-2/files-2.1/org.lwjgl/lwjgl-stb/3.3.1/3ee7aec8686e52867677110415566a5342a80230/lwjgl-stb-3.3.1-natives-linux.jar:/home/cryptigo/.gradle/caches/modules-2/files-2.1/org.lwjgl/lwjg
Launcher Type: SUN_STANDARD

[Global flags]
     intx CICompilerCount                          = 3                                         {product} {ergonomic}
     uint ConcGCThreads                            = 2                                         {product} {ergonomic}
     uint G1ConcRefinementThreads                  = 6                                         {product} {ergonomic}
   size_t G1HeapRegionSize                         = 1048576                                   {product} {ergonomic}
    uintx GCDrainStackTargetSize                   = 64                                        {product} {ergonomic}
   size_t InitialHeapSize                          = 130023424                                 {product} {ergonomic}
   size_t MarkStackSize                            = 4194304                                   {product} {ergonomic}
   size_t MaxHeapSize                              = 2067791872                                {product} {ergonomic}
   size_t MaxNewSize                               = 1240465408                                {product} {ergonomic}
   size_t MinHeapDeltaBytes                        = 1048576                                   {product} {ergonomic}
   size_t MinHeapSize                              = 8388608                                   {product} {ergonomic}
    uintx NonNMethodCodeHeapSize                   = 5832780                                {pd product} {ergonomic}
    uintx NonProfiledCodeHeapSize                  = 122912730                              {pd product} {ergonomic}
    uintx ProfiledCodeHeapSize                     = 122912730                              {pd product} {ergonomic}
    uintx ReservedCodeCacheSize                    = 251658240                              {pd product} {ergonomic}
     bool SegmentedCodeCache                       = true                                      {product} {ergonomic}
   size_t SoftMaxHeapSize                          = 2067791872                             {manageable} {ergonomic}
     bool UseCompressedClassPointers               = true                           {product lp64_product} {ergonomic}
     bool UseCompressedOops                        = true                           {product lp64_product} {ergonomic}
     bool UseG1GC                                  = true                                      {product} {ergonomic}

Logging:
Log output configuration:
 #0: stdout all=warning uptime,level,tags
 #1: stderr all=off uptime,level,tags

Environment Variables:
JAVA_HOME=/usr/lib/jvm/java-17-oracle
PATH=/usr/local/sbin:/usr/local/bin:/usr/sbin:/usr/bin:/sbin:/bin:/usr/games:/usr/local/games:/snap/bin:/usr/lib/jvm/java-17-oracle/bin:/usr/lib/jvm/java-17-oracle/db/bin
USERNAME=cryptigo
SHELL=/usr/bin/zsh
DISPLAY=:0
LANG=en_CA.UTF-8

Signal Handlers:
   SIGSEGV: crash_handler in libjvm.so, mask=11100100010111111101111111111110, flags=SA_RESTART|SA_SIGINFO
    SIGBUS: crash_handler in libjvm.so, mask=11100100010111111101111111111110, flags=SA_RESTART|SA_SIGINFO
    SIGFPE: crash_handler in libjvm.so, mask=11100100010111111101111111111110, flags=SA_RESTART|SA_SIGINFO
   SIGPIPE: javaSignalHandler in libjvm.so, mask=11100100010111111101111111111110, flags=SA_RESTART|SA_SIGINFO
   SIGXFSZ: javaSignalHandler in libjvm.so, mask=11100100010111111101111111111110, flags=SA_RESTART|SA_SIGINFO
    SIGILL: crash_handler in libjvm.so, mask=11100100010111111101111111111110, flags=SA_RESTART|SA_SIGINFO
   SIGUSR2: SR_handler in libjvm.so, mask=00100000000000000000000000000000, flags=SA_RESTART|SA_SIGINFO
    SIGHUP: UserHandler in libjvm.so, mask=11100100010111111101111111111110, flags=SA_RESTART|SA_SIGINFO
    SIGINT: UserHandler in libjvm.so, mask=11100100010111111101111111111110, flags=SA_RESTART|SA_SIGINFO
   SIGTERM: UserHandler in libjvm.so, mask=11100100010111111101111111111110, flags=SA_RESTART|SA_SIGINFO
   SIGQUIT: UserHandler in libjvm.so, mask=11100100010111111101111111111110, flags=SA_RESTART|SA_SIGINFO
   SIGTRAP: crash_handler in libjvm.so, mask=11100100010111111101111111111110, flags=SA_RESTART|SA_SIGINFO


---------------  S Y S T E M  ---------------

OS:
DISTRIB_ID=Ubuntu
DISTRIB_RELEASE=20.04
DISTRIB_CODENAME=focal
DISTRIB_DESCRIPTION="Ubuntu 20.04.5 LTS"
uname: Linux 5.15.0-53-generic #59~20.04.1-Ubuntu SMP Thu Oct 20 15:10:22 UTC 2022 x86_64
OS uptime: 1 days 3:17 hours
libc: glibc 2.31 NPTL 2.31 
rlimit (soft/hard): STACK 8192k/infinity , CORE 0k/infinity , NPROC 31237/31237 , NOFILE 1048576/1048576 , AS infinity/infinity , CPU infinity/infinity , DATA infinity/infinity , FSIZE infinity/infinity , MEMLOCK 65536k/65536k
load average: 5.57 2.25 1.47

/proc/meminfo:
MemTotal:        8073768 kB
MemFree:          310612 kB
MemAvailable:    2205440 kB
Buffers:          118548 kB
Cached:          2026288 kB
SwapCached:        54116 kB
Active:          1792720 kB
Inactive:        5535892 kB
Active(anon):     298212 kB
Inactive(anon):  4975984 kB
Active(file):    1494508 kB
Inactive(file):   559908 kB
Unevictable:          32 kB
Mlocked:              32 kB
SwapTotal:       2097148 kB
SwapFree:        1060456 kB
Dirty:              5760 kB
Writeback:             0 kB
AnonPages:       5155796 kB
Mapped:           567260 kB
Shmem:             92852 kB
KReclaimable:     128184 kB
Slab:             241772 kB
SReclaimable:     128184 kB
SUnreclaim:       113588 kB
KernelStack:       17152 kB
PageTables:        40052 kB
NFS_Unstable:          0 kB
Bounce:                0 kB
WritebackTmp:          0 kB
CommitLimit:     6134032 kB
Committed_AS:    9427724 kB
VmallocTotal:   34359738367 kB
VmallocUsed:       40880 kB
VmallocChunk:          0 kB
Percpu:             9024 kB
HardwareCorrupted:     0 kB
AnonHugePages:         0 kB
ShmemHugePages:        0 kB
ShmemPmdMapped:        0 kB
FileHugePages:         0 kB
FilePmdMapped:         0 kB
HugePages_Total:       0
HugePages_Free:        0
HugePages_Rsvd:        0
HugePages_Surp:        0
Hugepagesize:       2048 kB
Hugetlb:               0 kB
DirectMap4k:      372652 kB
DirectMap2M:     7950336 kB
DirectMap1G:           0 kB

/sys/kernel/mm/transparent_hugepage/enabled: always [madvise] never
/sys/kernel/mm/transparent_hugepage/defrag (defrag/compaction efforts parameter): always defer defer+madvise [madvise] never

Process Memory:
Virtual Size: 5033528K (peak: 5086100K)
Resident Set Size: 116736K (peak: 116736K) (anon: 52320K, file: 64408K, shmem: 8K)
Swapped out: 0K
C-Heap outstanding allocations: 20944K

/proc/sys/kernel/threads-max (system-wide limit on the number of threads): 62474
/proc/sys/vm/max_map_count (maximum number of memory map areas a process may have): 65530
/proc/sys/kernel/pid_max (system-wide limit on number of process identifiers): 4194304

container (cgroup) information:
container_type: cgroupv1
cpu_cpuset_cpus: 0-5
cpu_memory_nodes: 0
active_processor_count: 6
cpu_quota: no quota
cpu_period: 100000
cpu_shares: no shares
memory_limit_in_bytes: unlimited
memory_and_swap_limit_in_bytes: unlimited
memory_soft_limit_in_bytes: unlimited
memory_usage_in_bytes: 7026487296
memory_max_usage_in_bytes: 7430688768

Steal ticks since vm start: 0
Steal ticks percentage since vm start:  0.000

CPU: total 6 (initial active 6) (6 cores per cpu, 1 threads per core) family 6 model 158 stepping 13 microcode 0xf0, cx8, cmov, fxsr, mmx, 3dnowpref, sse, sse2, sse3, ssse3, sse4.1, sse4.2, popcnt, lzcnt, tsc, tscinvbit, avx, avx2, aes, erms, clmul, bmi1, bmi2, adx, fma, vzeroupper, clflush, clflushopt
CPU Model and flags from /proc/cpuinfo:
model name	: Intel(R) Core(TM) i5-9400 CPU @ 2.90GHz
flags		: fpu vme de pse tsc msr pae mce cx8 apic sep mtrr pge mca cmov pat pse36 clflush dts acpi mmx fxsr sse sse2 ss ht tm pbe syscall nx pdpe1gb rdtscp lm constant_tsc art arch_perfmon pebs bts rep_good nopl xtopology nonstop_tsc cpuid aperfmperf pni pclmulqdq dtes64 monitor ds_cpl vmx est tm2 ssse3 sdbg fma cx16 xtpr pdcm pcid sse4_1 sse4_2 x2apic movbe popcnt tsc_deadline_timer aes xsave avx f16c rdrand lahf_lm abm 3dnowprefetch cpuid_fault invpcid_single ssbd ibrs ibpb stibp ibrs_enhanced tpr_shadow vnmi flexpriority ept vpid ept_ad fsgsbase tsc_adjust bmi1 avx2 smep bmi2 erms invpcid mpx rdseed adx smap clflushopt intel_pt xsaveopt xsavec xgetbv1 xsaves dtherm ida arat pln pts hwp hwp_notify hwp_act_window hwp_epp md_clear flush_l1d arch_capabilities

Online cpus: 0-5
Offline cpus: 
BIOS frequency limitation: <Not Available>
Frequency switch latency (ns): 0
Available cpu frequencies: <Not Available>
Current governor: powersave
Core performance/turbo boost: <Not Available>

Memory: 4k page, physical 8073768k(310612k free), swap 2097148k(1060456k free)
Page Sizes: 4k

vm_info: Java HotSpot(TM) 64-Bit Server VM (17.0.1+12-LTS-39) for linux-amd64 JRE (17.0.1+12-LTS-39), built on Sep 27 2021 17:33:53 by "mach5one" with gcc 10.3.0

END.
